<?xml version="1.0" encoding="UTF-8"?>
<coverage generated="1781631646388" clover="3.2.0">
  <project timestamp="1781631646388" name="All files">
    <metrics statements="495" coveredstatements="488" conditionals="186" coveredconditionals="171" methods="66" coveredmethods="66" elements="747" coveredelements="725" complexity="0" loc="495" ncloc="495" packages="2" files="11" classes="11"/>
    <package name="api.controllers">
      <metrics statements="485" coveredstatements="478" conditionals="178" coveredconditionals="163" methods="65" coveredmethods="65"/>
      <file name="adminController.ts" path="C:\Users\Huesos\Documents\TuCampus\TuCampus_Backend\src\api\controllers\adminController.ts">
        <metrics statements="35" coveredstatements="35" conditionals="8" coveredconditionals="6" methods="6" coveredmethods="6"/>
        <line num="2" count="1" type="stmt"/>
        <line num="4" count="1" type="stmt"/>
        <line num="6" count="2" type="stmt"/>
        <line num="7" count="2" type="stmt"/>
        <line num="11" count="1" type="stmt"/>
        <line num="13" count="1" type="stmt"/>
        <line num="20" count="3" type="stmt"/>
        <line num="21" count="3" type="stmt"/>
        <line num="22" count="3" type="stmt"/>
        <line num="24" count="3" type="cond" truecount="2" falsecount="0"/>
        <line num="25" count="1" type="stmt"/>
        <line num="26" count="1" type="stmt"/>
        <line num="29" count="2" type="stmt"/>
        <line num="30" count="2" type="stmt"/>
        <line num="44" count="1" type="stmt"/>
        <line num="46" count="1" type="stmt"/>
        <line num="53" count="2" type="stmt"/>
        <line num="54" count="2" type="stmt"/>
        <line num="55" count="2" type="stmt"/>
        <line num="69" count="1" type="stmt"/>
        <line num="71" count="1" type="stmt"/>
        <line num="78" count="2" type="stmt"/>
        <line num="79" count="2" type="stmt"/>
        <line num="83" count="1" type="stmt"/>
        <line num="85" count="1" type="stmt"/>
        <line num="92" count="2" type="stmt"/>
        <line num="93" count="2" type="stmt"/>
        <line num="94" count="2" type="cond" truecount="2" falsecount="0"/>
        <line num="95" count="2" type="stmt"/>
        <line num="106" count="1" type="stmt"/>
        <line num="108" count="1" type="stmt"/>
        <line num="115" count="2" type="stmt"/>
        <line num="116" count="2" type="stmt"/>
        <line num="117" count="1" type="stmt"/>
        <line num="119" count="1" type="stmt"/>
      </file>
      <file name="authController.ts" path="C:\Users\Huesos\Documents\TuCampus\TuCampus_Backend\src\api\controllers\authController.ts">
        <metrics statements="122" coveredstatements="118" conditionals="32" coveredconditionals="31" methods="11" coveredmethods="11"/>
        <line num="2" count="1" type="stmt"/>
        <line num="3" count="1" type="stmt"/>
        <line num="4" count="1" type="stmt"/>
        <line num="5" count="1" type="stmt"/>
        <line num="6" count="1" type="stmt"/>
        <line num="7" count="1" type="stmt"/>
        <line num="8" count="1" type="stmt"/>
        <line num="9" count="1" type="stmt"/>
        <line num="10" count="1" type="stmt"/>
        <line num="11" count="1" type="stmt"/>
        <line num="19" count="1" type="stmt"/>
        <line num="20" count="1" type="stmt"/>
        <line num="24" count="1" type="stmt"/>
        <line num="25" count="3" type="stmt"/>
        <line num="26" count="3" type="stmt"/>
        <line num="27" count="3" type="stmt"/>
        <line num="28" count="3" type="cond" truecount="2" falsecount="0"/>
        <line num="29" count="1" type="stmt"/>
        <line num="31" count="2" type="stmt"/>
        <line num="32" count="2" type="stmt"/>
        <line num="36" count="1" type="stmt"/>
        <line num="39" count="1" type="stmt"/>
        <line num="41" count="1" type="stmt"/>
        <line num="47" count="1" type="stmt"/>
        <line num="53" count="1" type="stmt"/>
        <line num="54" count="1" type="stmt"/>
        <line num="61" count="1" type="stmt"/>
        <line num="62" count="2" type="stmt"/>
        <line num="63" count="2" type="stmt"/>
        <line num="64" count="2" type="stmt"/>
        <line num="67" count="1" type="stmt"/>
        <line num="71" count="1" type="stmt"/>
        <line num="73" count="1" type="stmt"/>
        <line num="74" count="1" type="stmt"/>
        <line num="79" count="1" type="stmt"/>
        <line num="80" count="7" type="stmt"/>
        <line num="82" count="7" type="stmt"/>
        <line num="84" count="7" type="cond" truecount="2" falsecount="0"/>
        <line num="85" count="1" type="stmt"/>
        <line num="87" count="6" type="stmt"/>
        <line num="98" count="6" type="cond" truecount="2" falsecount="0"/>
        <line num="99" count="1" type="stmt"/>
        <line num="101" count="5" type="stmt"/>
        <line num="102" count="5" type="stmt"/>
        <line num="106" count="5" type="stmt"/>
        <line num="107" count="5" type="stmt"/>
        <line num="110" count="5" type="stmt"/>
        <line num="112" count="5" type="stmt"/>
        <line num="113" count="5" type="stmt"/>
        <line num="118" count="5" type="cond" truecount="4" falsecount="0"/>
        <line num="119" count="1" type="stmt"/>
        <line num="122" count="4" type="cond" truecount="2" falsecount="0"/>
        <line num="123" count="1" type="stmt"/>
        <line num="126" count="3" type="stmt"/>
        <line num="132" count="3" type="stmt"/>
        <line num="150" count="0" type="stmt"/>
        <line num="151" count="0" type="stmt"/>
        <line num="158" count="1" type="stmt"/>
        <line num="159" count="3" type="stmt"/>
        <line num="160" count="3" type="stmt"/>
        <line num="161" count="3" type="cond" truecount="4" falsecount="0"/>
        <line num="162" count="1" type="stmt"/>
        <line num="164" count="2" type="stmt"/>
        <line num="165" count="2" type="stmt"/>
        <line num="170" count="2" type="stmt"/>
        <line num="171" count="2" type="stmt"/>
        <line num="172" count="2" type="stmt"/>
        <line num="178" count="1" type="stmt"/>
        <line num="188" count="1" type="stmt"/>
        <line num="189" count="1" type="stmt"/>
        <line num="191" count="1" type="stmt"/>
        <line num="192" count="1" type="cond" truecount="1" falsecount="1"/>
        <line num="193" count="1" type="stmt"/>
        <line num="198" count="1" type="stmt"/>
        <line num="199" count="3" type="stmt"/>
        <line num="200" count="3" type="cond" truecount="2" falsecount="0"/>
        <line num="202" count="2" type="stmt"/>
        <line num="206" count="2" type="stmt"/>
        <line num="209" count="1" type="stmt"/>
        <line num="210" count="2" type="stmt"/>
        <line num="211" count="2" type="cond" truecount="2" falsecount="0"/>
        <line num="212" count="2" type="stmt"/>
        <line num="215" count="1" type="stmt"/>
        <line num="216" count="5" type="stmt"/>
        <line num="217" count="5" type="stmt"/>
        <line num="223" count="5" type="stmt"/>
        <line num="224" count="5" type="stmt"/>
        <line num="225" count="5" type="stmt"/>
        <line num="227" count="5" type="stmt"/>
        <line num="228" count="6" type="stmt"/>
        <line num="229" count="6" type="stmt"/>
        <line num="230" count="6" type="stmt"/>
        <line num="231" count="6" type="stmt"/>
        <line num="232" count="6" type="stmt"/>
        <line num="235" count="5" type="stmt"/>
        <line num="238" count="5" type="cond" truecount="2" falsecount="0"/>
        <line num="242" count="2" type="stmt"/>
        <line num="244" count="2" type="stmt"/>
        <line num="248" count="2" type="stmt"/>
        <line num="252" count="2" type="stmt"/>
        <line num="254" count="1" type="stmt"/>
        <line num="255" count="1" type="stmt"/>
        <line num="259" count="1" type="stmt"/>
        <line num="260" count="2" type="stmt"/>
        <line num="261" count="2" type="stmt"/>
        <line num="262" count="2" type="stmt"/>
        <line num="263" count="2" type="cond" truecount="2" falsecount="0"/>
        <line num="264" count="1" type="stmt"/>
        <line num="269" count="1" type="stmt"/>
        <line num="275" count="2" type="stmt"/>
        <line num="277" count="0" type="stmt"/>
        <line num="278" count="0" type="stmt"/>
        <line num="282" count="1" type="stmt"/>
        <line num="283" count="3" type="stmt"/>
        <line num="284" count="3" type="stmt"/>
        <line num="285" count="3" type="stmt"/>
        <line num="288" count="2" type="stmt"/>
        <line num="289" count="1" type="stmt"/>
        <line num="293" count="1" type="stmt"/>
        <line num="295" count="2" type="stmt"/>
        <line num="296" count="2" type="stmt"/>
        <line num="300" count="1" type="stmt"/>
      </file>
      <file name="chatController.ts" path="C:\Users\Huesos\Documents\TuCampus\TuCampus_Backend\src\api\controllers\chatController.ts">
        <metrics statements="34" coveredstatements="33" conditionals="8" coveredconditionals="7" methods="4" coveredmethods="4"/>
        <line num="2" count="1" type="stmt"/>
        <line num="4" count="1" type="stmt"/>
        <line num="6" count="4" type="stmt"/>
        <line num="7" count="4" type="stmt"/>
        <line num="8" count="4" type="stmt"/>
        <line num="10" count="4" type="cond" truecount="2" falsecount="0"/>
        <line num="11" count="2" type="stmt"/>
        <line num="12" count="2" type="stmt"/>
        <line num="15" count="2" type="stmt"/>
        <line num="26" count="1" type="cond" truecount="1" falsecount="1"/>
        <line num="27" count="0" type="stmt"/>
        <line num="41" count="1" type="stmt"/>
        <line num="43" count="1" type="stmt"/>
        <line num="50" count="2" type="stmt"/>
        <line num="51" count="2" type="stmt"/>
        <line num="52" count="2" type="stmt"/>
        <line num="54" count="2" type="stmt"/>
        <line num="64" count="1" type="stmt"/>
        <line num="66" count="1" type="stmt"/>
        <line num="73" count="2" type="stmt"/>
        <line num="74" count="2" type="stmt"/>
        <line num="75" count="2" type="stmt"/>
        <line num="83" count="1" type="stmt"/>
        <line num="85" count="1" type="stmt"/>
        <line num="92" count="4" type="stmt"/>
        <line num="93" count="4" type="stmt"/>
        <line num="94" count="4" type="cond" truecount="2" falsecount="0"/>
        <line num="95" count="4" type="stmt"/>
        <line num="97" count="4" type="stmt"/>
        <line num="108" count="3" type="cond" truecount="2" falsecount="0"/>
        <line num="109" count="2" type="stmt"/>
        <line num="112" count="2" type="stmt"/>
        <line num="115" count="1" type="stmt"/>
        <line num="117" count="1" type="stmt"/>
      </file>
      <file name="fileController.ts" path="C:\Users\Huesos\Documents\TuCampus\TuCampus_Backend\src\api\controllers\fileController.ts">
        <metrics statements="29" coveredstatements="29" conditionals="10" coveredconditionals="8" methods="1" coveredmethods="1"/>
        <line num="2" count="1" type="stmt"/>
        <line num="3" count="1" type="stmt"/>
        <line num="4" count="1" type="stmt"/>
        <line num="5" count="1" type="stmt"/>
        <line num="6" count="1" type="stmt"/>
        <line num="8" count="1" type="stmt"/>
        <line num="12" count="4" type="stmt"/>
        <line num="13" count="4" type="cond" truecount="2" falsecount="0"/>
        <line num="14" count="1" type="stmt"/>
        <line num="15" count="1" type="stmt"/>
        <line num="18" count="3" type="cond" truecount="2" falsecount="0"/>
        <line num="19" count="1" type="stmt"/>
        <line num="20" count="1" type="stmt"/>
        <line num="23" count="2" type="stmt"/>
        <line num="24" count="2" type="stmt"/>
        <line num="26" count="2" type="stmt"/>
        <line num="27" count="2" type="stmt"/>
        <line num="33" count="2" type="stmt"/>
        <line num="34" count="2" type="stmt"/>
        <line num="36" count="2" type="stmt"/>
        <line num="42" count="1" type="stmt"/>
        <line num="43" count="1" type="stmt"/>
        <line num="54" count="1" type="cond" truecount="1" falsecount="1"/>
        <line num="55" count="1" type="stmt"/>
        <line num="58" count="1" type="stmt"/>
        <line num="64" count="1" type="cond" truecount="3" falsecount="1"/>
        <line num="65" count="1" type="stmt"/>
        <line num="67" count="1" type="stmt"/>
        <line num="68" count="1" type="stmt"/>
      </file>
      <file name="iaController.ts" path="C:\Users\Huesos\Documents\TuCampus\TuCampus_Backend\src\api\controllers\iaController.ts">
        <metrics statements="37" coveredstatements="37" conditionals="42" coveredconditionals="38" methods="7" coveredmethods="7"/>
        <line num="2" count="1" type="stmt"/>
        <line num="3" count="1" type="stmt"/>
        <line num="5" count="1" type="stmt"/>
        <line num="7" count="1" type="stmt"/>
        <line num="8" count="7" type="stmt"/>
        <line num="11" count="7" type="stmt"/>
        <line num="14" count="1" type="stmt"/>
        <line num="15" count="3" type="stmt"/>
        <line num="16" count="3" type="stmt"/>
        <line num="17" count="3" type="stmt"/>
        <line num="21" count="2" type="cond" truecount="2" falsecount="0"/>
        <line num="22" count="1" type="stmt"/>
        <line num="23" count="1" type="stmt"/>
        <line num="26" count="2" type="stmt"/>
        <line num="37" count="1" type="stmt"/>
        <line num="39" count="1" type="stmt"/>
        <line num="41" count="2" type="stmt"/>
        <line num="49" count="2" type="stmt"/>
        <line num="75" count="1" type="stmt"/>
        <line num="77" count="1" type="stmt"/>
        <line num="81" count="1" type="stmt"/>
        <line num="82" count="4" type="stmt"/>
        <line num="83" count="4" type="stmt"/>
        <line num="84" count="4" type="stmt"/>
        <line num="85" count="4" type="cond" truecount="2" falsecount="0"/>
        <line num="89" count="4" type="stmt"/>
        <line num="99" count="3" type="stmt"/>
        <line num="101" count="1" type="stmt"/>
        <line num="105" count="1" type="stmt"/>
        <line num="106" count="2" type="stmt"/>
        <line num="107" count="2" type="stmt"/>
        <line num="108" count="1" type="stmt"/>
        <line num="109" count="1" type="stmt"/>
        <line num="111" count="1" type="stmt"/>
        <line num="115" count="1" type="stmt"/>
        <line num="116" count="1" type="stmt"/>
        <line num="119" count="1" type="stmt"/>
      </file>
      <file name="marketController.ts" path="C:\Users\Huesos\Documents\TuCampus\TuCampus_Backend\src\api\controllers\marketController.ts">
        <metrics statements="59" coveredstatements="59" conditionals="22" coveredconditionals="22" methods="10" coveredmethods="10"/>
        <line num="2" count="1" type="stmt"/>
        <line num="4" count="1" type="stmt"/>
        <line num="6" count="4" type="stmt"/>
        <line num="7" count="4" type="stmt"/>
        <line num="8" count="4" type="stmt"/>
        <line num="10" count="4" type="stmt"/>
        <line num="27" count="3" type="stmt"/>
        <line num="32" count="1" type="stmt"/>
        <line num="39" count="2" type="stmt"/>
        <line num="40" count="2" type="stmt"/>
        <line num="46" count="1" type="stmt"/>
        <line num="51" count="1" type="stmt"/>
        <line num="53" count="1" type="stmt"/>
        <line num="60" count="4" type="stmt"/>
        <line num="61" count="4" type="cond" truecount="2" falsecount="0"/>
        <line num="64" count="4" type="stmt"/>
        <line num="66" count="4" type="stmt"/>
        <line num="78" count="3" type="cond" truecount="2" falsecount="0"/>
        <line num="79" count="1" type="stmt"/>
        <line num="82" count="1" type="stmt"/>
        <line num="85" count="2" type="stmt"/>
        <line num="87" count="1" type="stmt"/>
        <line num="94" count="6" type="stmt"/>
        <line num="95" count="6" type="cond" truecount="2" falsecount="0"/>
        <line num="98" count="6" type="cond" truecount="2" falsecount="0"/>
        <line num="100" count="6" type="cond" truecount="2" falsecount="0"/>
        <line num="102" count="6" type="stmt"/>
        <line num="104" count="5" type="cond" truecount="2" falsecount="0"/>
        <line num="105" count="1" type="stmt"/>
        <line num="106" count="1" type="stmt"/>
        <line num="109" count="4" type="stmt"/>
        <line num="111" count="1" type="stmt"/>
        <line num="118" count="3" type="stmt"/>
        <line num="119" count="3" type="cond" truecount="2" falsecount="0"/>
        <line num="122" count="3" type="stmt"/>
        <line num="124" count="3" type="stmt"/>
        <line num="129" count="2" type="stmt"/>
        <line num="134" count="1" type="stmt"/>
        <line num="141" count="2" type="stmt"/>
        <line num="142" count="2" type="stmt"/>
        <line num="145" count="1" type="stmt"/>
        <line num="147" count="1" type="stmt"/>
        <line num="155" count="2" type="stmt"/>
        <line num="156" count="2" type="stmt"/>
        <line num="160" count="1" type="stmt"/>
        <line num="162" count="1" type="stmt"/>
        <line num="170" count="2" type="stmt"/>
        <line num="171" count="2" type="stmt"/>
        <line num="174" count="1" type="stmt"/>
        <line num="177" count="1" type="stmt"/>
        <line num="179" count="1" type="stmt"/>
        <line num="184" count="4" type="stmt"/>
        <line num="185" count="4" type="cond" truecount="2" falsecount="0"/>
        <line num="188" count="4" type="stmt"/>
        <line num="190" count="3" type="cond" truecount="2" falsecount="0"/>
        <line num="191" count="1" type="stmt"/>
        <line num="192" count="1" type="stmt"/>
        <line num="194" count="2" type="stmt"/>
        <line num="196" count="1" type="stmt"/>
      </file>
      <file name="notificationController.ts" path="C:\Users\Huesos\Documents\TuCampus\TuCampus_Backend\src\api\controllers\notificationController.ts">
        <metrics statements="18" coveredstatements="16" conditionals="4" coveredconditionals="3" methods="2" coveredmethods="2"/>
        <line num="2" count="1" type="stmt"/>
        <line num="4" count="1" type="stmt"/>
        <line num="8" count="3" type="stmt"/>
        <line num="9" count="3" type="cond" truecount="2" falsecount="0"/>
        <line num="10" count="1" type="stmt"/>
        <line num="11" count="1" type="stmt"/>
        <line num="14" count="2" type="stmt"/>
        <line num="19" count="1" type="stmt"/>
        <line num="21" count="1" type="stmt"/>
        <line num="28" count="1" type="stmt"/>
        <line num="32" count="2" type="stmt"/>
        <line num="33" count="2" type="cond" truecount="1" falsecount="1"/>
        <line num="34" count="0" type="stmt"/>
        <line num="35" count="0" type="stmt"/>
        <line num="38" count="2" type="stmt"/>
        <line num="48" count="1" type="stmt"/>
        <line num="50" count="1" type="stmt"/>
        <line num="57" count="1" type="stmt"/>
      </file>
      <file name="orderController.ts" path="C:\Users\Huesos\Documents\TuCampus\TuCampus_Backend\src\api\controllers\orderController.ts">
        <metrics statements="69" coveredstatements="69" conditionals="22" coveredconditionals="22" methods="13" coveredmethods="13"/>
        <line num="2" count="1" type="stmt"/>
        <line num="3" count="1" type="stmt"/>
        <line num="4" count="1" type="stmt"/>
        <line num="6" count="1" type="stmt"/>
        <line num="8" count="1" type="stmt"/>
        <line num="9" count="12" type="stmt"/>
        <line num="10" count="12" type="cond" truecount="4" falsecount="0"/>
        <line num="13" count="1" type="stmt"/>
        <line num="15" count="3" type="stmt"/>
        <line num="16" count="3" type="stmt"/>
        <line num="17" count="3" type="stmt"/>
        <line num="19" count="3" type="stmt"/>
        <line num="22" count="2" type="stmt"/>
        <line num="37" count="2" type="stmt"/>
        <line num="39" count="1" type="stmt"/>
        <line num="46" count="3" type="stmt"/>
        <line num="47" count="3" type="stmt"/>
        <line num="51" count="2" type="cond" truecount="2" falsecount="0"/>
        <line num="53" count="1" type="stmt"/>
        <line num="58" count="4" type="stmt"/>
        <line num="59" count="4" type="stmt"/>
        <line num="60" count="4" type="stmt"/>
        <line num="61" count="4" type="stmt"/>
        <line num="66" count="4" type="cond" truecount="4" falsecount="0"/>
        <line num="67" count="1" type="stmt"/>
        <line num="68" count="1" type="stmt"/>
        <line num="71" count="3" type="stmt"/>
        <line num="72" count="3" type="stmt"/>
        <line num="73" count="3" type="stmt"/>
        <line num="78" count="3" type="stmt"/>
        <line num="90" count="2" type="stmt"/>
        <line num="91" count="2" type="stmt"/>
        <line num="96" count="2" type="stmt"/>
        <line num="102" count="1" type="stmt"/>
        <line num="109" count="3" type="stmt"/>
        <line num="110" count="3" type="stmt"/>
        <line num="111" count="3" type="stmt"/>
        <line num="112" count="2" type="stmt"/>
        <line num="113" count="2" type="stmt"/>
        <line num="120" count="2" type="cond" truecount="2" falsecount="0"/>
        <line num="121" count="1" type="stmt"/>
        <line num="125" count="1" type="stmt"/>
        <line num="128" count="1" type="stmt"/>
        <line num="129" count="1" type="stmt"/>
        <line num="131" count="1" type="stmt"/>
        <line num="145" count="1" type="stmt"/>
        <line num="147" count="2" type="stmt"/>
        <line num="152" count="3" type="stmt"/>
        <line num="153" count="3" type="cond" truecount="2" falsecount="0"/>
        <line num="155" count="3" type="cond" truecount="2" falsecount="0"/>
        <line num="156" count="1" type="stmt"/>
        <line num="157" count="1" type="stmt"/>
        <line num="160" count="2" type="stmt"/>
        <line num="161" count="2" type="stmt"/>
        <line num="165" count="1" type="stmt"/>
        <line num="167" count="1" type="stmt"/>
        <line num="172" count="2" type="stmt"/>
        <line num="173" count="2" type="stmt"/>
        <line num="174" count="2" type="stmt"/>
        <line num="178" count="1" type="stmt"/>
        <line num="180" count="1" type="stmt"/>
        <line num="185" count="1" type="stmt"/>
        <line num="186" count="1" type="stmt"/>
        <line num="190" count="2" type="stmt"/>
        <line num="193" count="2" type="stmt"/>
        <line num="197" count="1" type="stmt"/>
        <line num="198" count="1" type="stmt"/>
        <line num="199" count="1" type="stmt"/>
        <line num="204" count="1" type="cond" truecount="2" falsecount="0"/>
      </file>
      <file name="productController.ts" path="C:\Users\Huesos\Documents\TuCampus\TuCampus_Backend\src\api\controllers\productController.ts">
        <metrics statements="57" coveredstatements="57" conditionals="28" coveredconditionals="24" methods="8" coveredmethods="8"/>
        <line num="2" count="1" type="stmt"/>
        <line num="4" count="1" type="stmt"/>
        <line num="5" count="15" type="cond" truecount="2" falsecount="2"/>
        <line num="7" count="1" type="stmt"/>
        <line num="9" count="2" type="stmt"/>
        <line num="10" count="2" type="stmt"/>
        <line num="13" count="1" type="stmt"/>
        <line num="15" count="1" type="stmt"/>
        <line num="22" count="2" type="stmt"/>
        <line num="23" count="2" type="stmt"/>
        <line num="24" count="2" type="stmt"/>
        <line num="27" count="1" type="stmt"/>
        <line num="29" count="1" type="stmt"/>
        <line num="34" count="3" type="stmt"/>
        <line num="36" count="3" type="cond" truecount="2" falsecount="0"/>
        <line num="37" count="3" type="stmt"/>
        <line num="47" count="2" type="stmt"/>
        <line num="51" count="1" type="stmt"/>
        <line num="56" count="2" type="stmt"/>
        <line num="57" count="2" type="stmt"/>
        <line num="58" count="2" type="stmt"/>
        <line num="67" count="1" type="stmt"/>
        <line num="69" count="1" type="stmt"/>
        <line num="74" count="3" type="stmt"/>
        <line num="75" count="3" type="stmt"/>
        <line num="76" count="3" type="stmt"/>
        <line num="77" count="2" type="cond" truecount="2" falsecount="0"/>
        <line num="78" count="1" type="stmt"/>
        <line num="79" count="1" type="stmt"/>
        <line num="81" count="1" type="stmt"/>
        <line num="83" count="1" type="stmt"/>
        <line num="88" count="4" type="stmt"/>
        <line num="89" count="4" type="stmt"/>
        <line num="90" count="4" type="stmt"/>
        <line num="92" count="4" type="cond" truecount="2" falsecount="0"/>
        <line num="93" count="1" type="stmt"/>
        <line num="94" count="1" type="stmt"/>
        <line num="99" count="3" type="cond" truecount="4" falsecount="1"/>
        <line num="103" count="3" type="cond" truecount="2" falsecount="0"/>
        <line num="104" count="1" type="stmt"/>
        <line num="105" count="1" type="stmt"/>
        <line num="108" count="2" type="stmt"/>
        <line num="112" count="1" type="stmt"/>
        <line num="114" count="1" type="stmt"/>
        <line num="119" count="4" type="stmt"/>
        <line num="120" count="4" type="stmt"/>
        <line num="121" count="4" type="stmt"/>
        <line num="123" count="4" type="cond" truecount="2" falsecount="0"/>
        <line num="124" count="1" type="stmt"/>
        <line num="125" count="1" type="stmt"/>
        <line num="129" count="3" type="cond" truecount="4" falsecount="1"/>
        <line num="133" count="3" type="cond" truecount="2" falsecount="0"/>
        <line num="134" count="1" type="stmt"/>
        <line num="135" count="1" type="stmt"/>
        <line num="138" count="2" type="stmt"/>
        <line num="139" count="1" type="stmt"/>
        <line num="141" count="1" type="stmt"/>
      </file>
      <file name="userController.ts" path="C:\Users\Huesos\Documents\TuCampus\TuCampus_Backend\src\api\controllers\userController.ts">
        <metrics statements="25" coveredstatements="25" conditionals="2" coveredconditionals="2" methods="3" coveredmethods="3"/>
        <line num="2" count="1" type="stmt"/>
        <line num="4" count="1" type="stmt"/>
        <line num="8" count="3" type="stmt"/>
        <line num="9" count="3" type="cond" truecount="2" falsecount="0"/>
        <line num="10" count="1" type="stmt"/>
        <line num="11" count="1" type="stmt"/>
        <line num="14" count="2" type="stmt"/>
        <line num="19" count="1" type="stmt"/>
        <line num="21" count="1" type="stmt"/>
        <line num="27" count="1" type="stmt"/>
        <line num="31" count="2" type="stmt"/>
        <line num="32" count="2" type="stmt"/>
        <line num="33" count="2" type="stmt"/>
        <line num="35" count="2" type="stmt"/>
        <line num="55" count="1" type="stmt"/>
        <line num="57" count="1" type="stmt"/>
        <line num="63" count="1" type="stmt"/>
        <line num="67" count="2" type="stmt"/>
        <line num="68" count="2" type="stmt"/>
        <line num="69" count="2" type="stmt"/>
        <line num="70" count="2" type="stmt"/>
        <line num="77" count="1" type="stmt"/>
        <line num="79" count="1" type="stmt"/>
        <line num="80" count="1" type="stmt"/>
        <line num="86" count="1" type="stmt"/>
      </file>
    </package>
    <package name="lib">
      <metrics statements="10" coveredstatements="10" conditionals="8" coveredconditionals="8" methods="1" coveredmethods="1"/>
      <file name="emailService.ts" path="C:\Users\Huesos\Documents\TuCampus\TuCampus_Backend\src\lib\emailService.ts">
        <metrics statements="10" coveredstatements="10" conditionals="8" coveredconditionals="8" methods="1" coveredmethods="1"/>
        <line num="1" count="2" type="stmt"/>
        <line num="3" count="2" type="stmt"/>
        <line num="6" count="2" type="cond" truecount="4" falsecount="0"/>
        <line num="7" count="1" type="stmt"/>
        <line num="9" count="1" type="stmt"/>
        <line num="15" count="2" type="stmt"/>
        <line num="16" count="2" type="cond" truecount="4" falsecount="0"/>
        <line num="17" count="1" type="stmt"/>
        <line num="18" count="1" type="stmt"/>
        <line num="20" count="1" type="stmt"/>
      </file>
    </package>
  </project>
</coverage>
