{"C:\\Users\\Huesos\\Documents\\TuCampus\\TuCampus_Backend\\src\\api\\controllers\\adminController.ts": {"path":"C:\\Users\\Huesos\\Documents\\TuCampus\\TuCampus_Backend\\src\\api\\controllers\\adminController.ts","statementMap":{"0":{"start":{"line":2,"column":0},"end":{"line":2,"column":44}},"1":{"start":{"line":4,"column":13},"end":{"line":125,"column":2}},"2":{"start":{"line":6,"column":4},"end":{"line":16,"column":5}},"3":{"start":{"line":7,"column":20},"end":{"line":10,"column":8}},"4":{"start":{"line":11,"column":6},"end":{"line":11,"column":22}},"5":{"start":{"line":13,"column":6},"end":{"line":15,"column":78}},"6":{"start":{"line":20,"column":19},"end":{"line":20,"column":29}},"7":{"start":{"line":21,"column":32},"end":{"line":21,"column":40}},"8":{"start":{"line":22,"column":28},"end":{"line":22,"column":53}},"9":{"start":{"line":24,"column":4},"end":{"line":27,"column":5}},"10":{"start":{"line":25,"column":6},"end":{"line":25,"column":57}},"11":{"start":{"line":26,"column":6},"end":{"line":26,"column":13}},"12":{"start":{"line":29,"column":4},"end":{"line":49,"column":5}},"13":{"start":{"line":30,"column":6},"end":{"line":43,"column":9}},"14":{"start":{"line":44,"column":6},"end":{"line":44,"column":64}},"15":{"start":{"line":46,"column":6},"end":{"line":48,"column":72}},"16":{"start":{"line":53,"column":4},"end":{"line":74,"column":5}},"17":{"start":{"line":54,"column":21},"end":{"line":54,"column":31}},"18":{"start":{"line":55,"column":6},"end":{"line":68,"column":9}},"19":{"start":{"line":69,"column":6},"end":{"line":69,"column":75}},"20":{"start":{"line":71,"column":6},"end":{"line":73,"column":80}},"21":{"start":{"line":78,"column":4},"end":{"line":88,"column":5}},"22":{"start":{"line":79,"column":19},"end":{"line":82,"column":8}},"23":{"start":{"line":83,"column":6},"end":{"line":83,"column":21}},"24":{"start":{"line":85,"column":6},"end":{"line":87,"column":74}},"25":{"start":{"line":92,"column":4},"end":{"line":111,"column":5}},"26":{"start":{"line":93,"column":21},"end":{"line":93,"column":31}},"27":{"start":{"line":94,"column":21},"end":{"line":94,"column":51}},"28":{"start":{"line":95,"column":6},"end":{"line":105,"column":9}},"29":{"start":{"line":106,"column":6},"end":{"line":106,"column":61}},"30":{"start":{"line":108,"column":6},"end":{"line":110,"column":78}},"31":{"start":{"line":115,"column":4},"end":{"line":123,"column":5}},"32":{"start":{"line":116,"column":20},"end":{"line":116,"column":45}},"33":{"start":{"line":117,"column":6},"end":{"line":117,"column":41}},"34":{"start":{"line":119,"column":6},"end":{"line":122,"column":9}}},"fnMap":{"0":{"name":"(anonymous_1)","decl":{"start":{"line":5,"column":12},"end":{"line":5,"column":17}},"loc":{"start":{"line":5,"column":66},"end":{"line":17,"column":3}}},"1":{"name":"(anonymous_2)","decl":{"start":{"line":19,"column":20},"end":{"line":19,"column":25}},"loc":{"start":{"line":19,"column":73},"end":{"line":50,"column":3}}},"2":{"name":"(anonymous_3)","decl":{"start":{"line":52,"column":16},"end":{"line":52,"column":21}},"loc":{"start":{"line":52,"column":69},"end":{"line":75,"column":3}}},"3":{"name":"(anonymous_4)","decl":{"start":{"line":77,"column":11},"end":{"line":77,"column":16}},"loc":{"start":{"line":77,"column":65},"end":{"line":89,"column":3}}},"4":{"name":"(anonymous_5)","decl":{"start":{"line":91,"column":14},"end":{"line":91,"column":19}},"loc":{"start":{"line":91,"column":67},"end":{"line":112,"column":3}}},"5":{"name":"(anonymous_6)","decl":{"start":{"line":114,"column":12},"end":{"line":114,"column":17}},"loc":{"start":{"line":114,"column":66},"end":{"line":124,"column":3}}}},"branchMap":{"0":{"loc":{"start":{"line":24,"column":4},"end":{"line":27,"column":5}},"type":"if","locations":[{"start":{"line":24,"column":4},"end":{"line":27,"column":5}},{"start":{},"end":{}}]},"1":{"loc":{"start":{"line":32,"column":23},"end":{"line":32,"column":53}},"type":"cond-expr","locations":[{"start":{"line":32,"column":43},"end":{"line":32,"column":48}},{"start":{"line":32,"column":51},"end":{"line":32,"column":53}}]},"2":{"loc":{"start":{"line":57,"column":23},"end":{"line":57,"column":53}},"type":"cond-expr","locations":[{"start":{"line":57,"column":43},"end":{"line":57,"column":48}},{"start":{"line":57,"column":51},"end":{"line":57,"column":53}}]},"3":{"loc":{"start":{"line":94,"column":21},"end":{"line":94,"column":51}},"type":"cond-expr","locations":[{"start":{"line":94,"column":41},"end":{"line":94,"column":46}},{"start":{"line":94,"column":49},"end":{"line":94,"column":51}}]}},"s":{"0":1,"1":1,"2":2,"3":2,"4":1,"5":1,"6":3,"7":3,"8":3,"9":3,"10":1,"11":1,"12":2,"13":2,"14":1,"15":1,"16":2,"17":2,"18":2,"19":1,"20":1,"21":2,"22":2,"23":1,"24":1,"25":2,"26":2,"27":2,"28":2,"29":1,"30":1,"31":2,"32":2,"33":1,"34":1},"f":{"0":2,"1":3,"2":2,"3":2,"4":2,"5":2},"b":{"0":[1,2],"1":[0,2],"2":[0,2],"3":[1,1]}}
,"C:\\Users\\Huesos\\Documents\\TuCampus\\TuCampus_Backend\\src\\api\\controllers\\authController.ts": {"path":"C:\\Users\\Huesos\\Documents\\TuCampus\\TuCampus_Backend\\src\\api\\controllers\\authController.ts","statementMap":{"0":{"start":{"line":2,"column":0},"end":{"line":2,"column":30}},"1":{"start":{"line":3,"column":0},"end":{"line":3,"column":31}},"2":{"start":{"line":4,"column":0},"end":{"line":4,"column":31}},"3":{"start":{"line":5,"column":0},"end":{"line":5,"column":28}},"4":{"start":{"line":6,"column":0},"end":{"line":6,"column":20}},"5":{"start":{"line":7,"column":0},"end":{"line":7,"column":26}},"6":{"start":{"line":8,"column":0},"end":{"line":8,"column":33}},"7":{"start":{"line":9,"column":0},"end":{"line":9,"column":44}},"8":{"start":{"line":10,"column":0},"end":{"line":10,"column":68}},"9":{"start":{"line":11,"column":0},"end":{"line":11,"column":51}},"10":{"start":{"line":19,"column":36},"end":{"line":21,"column":1}},"11":{"start":{"line":20,"column":2},"end":{"line":20,"column":42}},"12":{"start":{"line":19,"column":13},"end":{"line":19,"column":36}},"13":{"start":{"line":24,"column":24},"end":{"line":58,"column":1}},"14":{"start":{"line":25,"column":2},"end":{"line":57,"column":3}},"15":{"start":{"line":26,"column":51},"end":{"line":26,"column":59}},"16":{"start":{"line":27,"column":21},"end":{"line":27,"column":71}},"17":{"start":{"line":28,"column":4},"end":{"line":29,"column":70}},"18":{"start":{"line":29,"column":6},"end":{"line":29,"column":70}},"19":{"start":{"line":31,"column":27},"end":{"line":31,"column":58}},"20":{"start":{"line":32,"column":20},"end":{"line":34,"column":6}},"21":{"start":{"line":36,"column":24},"end":{"line":38,"column":6}},"22":{"start":{"line":39,"column":23},"end":{"line":39,"column":96}},"23":{"start":{"line":41,"column":4},"end":{"line":45,"column":6}},"24":{"start":{"line":47,"column":4},"end":{"line":51,"column":7}},"25":{"start":{"line":53,"column":4},"end":{"line":53,"column":46}},"26":{"start":{"line":54,"column":4},"end":{"line":56,"column":69}},"27":{"start":{"line":24,"column":13},"end":{"line":24,"column":24}},"28":{"start":{"line":61,"column":27},"end":{"line":76,"column":1}},"29":{"start":{"line":62,"column":2},"end":{"line":75,"column":3}},"30":{"start":{"line":63,"column":22},"end":{"line":63,"column":52}},"31":{"start":{"line":64,"column":20},"end":{"line":64,"column":null}},"32":{"start":{"line":67,"column":4},"end":{"line":70,"column":7}},"33":{"start":{"line":71,"column":4},"end":{"line":71,"column":49}},"34":{"start":{"line":73,"column":4},"end":{"line":73,"column":50}},"35":{"start":{"line":74,"column":4},"end":{"line":74,"column":71}},"36":{"start":{"line":61,"column":13},"end":{"line":61,"column":27}},"37":{"start":{"line":79,"column":21},"end":{"line":155,"column":1}},"38":{"start":{"line":80,"column":2},"end":{"line":154,"column":3}},"39":{"start":{"line":82,"column":6},"end":{"line":82,"column":14}},"40":{"start":{"line":84,"column":4},"end":{"line":85,"column":69}},"41":{"start":{"line":85,"column":6},"end":{"line":85,"column":69}},"42":{"start":{"line":87,"column":23},"end":{"line":95,"column":null}},"43":{"start":{"line":98,"column":4},"end":{"line":99,"column":66}},"44":{"start":{"line":99,"column":6},"end":{"line":99,"column":66}},"45":{"start":{"line":101,"column":22},"end":{"line":101,"column":49}},"46":{"start":{"line":102,"column":21},"end":{"line":104,"column":null}},"47":{"start":{"line":106,"column":4},"end":{"line":106,"column":54}},"48":{"start":{"line":107,"column":4},"end":{"line":109,"column":6}},"49":{"start":{"line":110,"column":4},"end":{"line":110,"column":22}},"50":{"start":{"line":112,"column":26},"end":{"line":112,"column":52}},"51":{"start":{"line":113,"column":17},"end":{"line":116,"column":6}},"52":{"start":{"line":118,"column":4},"end":{"line":120,"column":5}},"53":{"start":{"line":119,"column":6},"end":{"line":119,"column":75}},"54":{"start":{"line":122,"column":4},"end":{"line":124,"column":5}},"55":{"start":{"line":123,"column":6},"end":{"line":123,"column":69}},"56":{"start":{"line":126,"column":18},"end":{"line":129,"column":null}},"57":{"start":{"line":132,"column":4},"end":{"line":148,"column":7}},"58":{"start":{"line":150,"column":4},"end":{"line":150,"column":53}},"59":{"start":{"line":151,"column":4},"end":{"line":153,"column":74}},"60":{"start":{"line":79,"column":13},"end":{"line":79,"column":21}},"61":{"start":{"line":158,"column":32},"end":{"line":195,"column":1}},"62":{"start":{"line":159,"column":18},"end":{"line":159,"column":45}},"63":{"start":{"line":160,"column":2},"end":{"line":194,"column":3}},"64":{"start":{"line":161,"column":4},"end":{"line":162,"column":78}},"65":{"start":{"line":162,"column":6},"end":{"line":162,"column":78}},"66":{"start":{"line":164,"column":23},"end":{"line":164,"column":57}},"67":{"start":{"line":165,"column":21},"end":{"line":168,"column":20}},"68":{"start":{"line":170,"column":17},"end":{"line":170,"column":31}},"69":{"start":{"line":171,"column":4},"end":{"line":171,"column":56}},"70":{"start":{"line":172,"column":21},"end":{"line":175,"column":null}},"71":{"start":{"line":178,"column":4},"end":{"line":186,"column":7}},"72":{"start":{"line":188,"column":4},"end":{"line":188,"column":37}},"73":{"start":{"line":189,"column":4},"end":{"line":189,"column":65}},"74":{"start":{"line":191,"column":4},"end":{"line":191,"column":44}},"75":{"start":{"line":192,"column":4},"end":{"line":192,"column":55}},"76":{"start":{"line":192,"column":22},"end":{"line":192,"column":55}},"77":{"start":{"line":193,"column":4},"end":{"line":193,"column":78}},"78":{"start":{"line":158,"column":13},"end":{"line":158,"column":32}},"79":{"start":{"line":198,"column":26},"end":{"line":207,"column":1}},"80":{"start":{"line":199,"column":18},"end":{"line":199,"column":45}},"81":{"start":{"line":200,"column":2},"end":{"line":200,"column":79}},"82":{"start":{"line":200,"column":21},"end":{"line":200,"column":79}},"83":{"start":{"line":202,"column":15},"end":{"line":205,"column":4}},"84":{"start":{"line":206,"column":2},"end":{"line":206,"column":65}},"85":{"start":{"line":198,"column":13},"end":{"line":198,"column":26}},"86":{"start":{"line":209,"column":22},"end":{"line":213,"column":1}},"87":{"start":{"line":210,"column":16},"end":{"line":210,"column":56}},"88":{"start":{"line":211,"column":2},"end":{"line":211,"column":67}},"89":{"start":{"line":211,"column":13},"end":{"line":211,"column":67}},"90":{"start":{"line":212,"column":2},"end":{"line":212,"column":42}},"91":{"start":{"line":209,"column":13},"end":{"line":209,"column":22}},"92":{"start":{"line":215,"column":30},"end":{"line":257,"column":1}},"93":{"start":{"line":216,"column":18},"end":{"line":216,"column":45}},"94":{"start":{"line":217,"column":2},"end":{"line":256,"column":3}},"95":{"start":{"line":223,"column":8},"end":{"line":223,"column":20}},"96":{"start":{"line":224,"column":19},"end":{"line":224,"column":69}},"97":{"start":{"line":225,"column":20},"end":{"line":225,"column":45}},"98":{"start":{"line":227,"column":20},"end":{"line":233,"column":5}},"99":{"start":{"line":228,"column":16},"end":{"line":228,"column":62}},"100":{"start":{"line":229,"column":6},"end":{"line":229,"column":31}},"101":{"start":{"line":230,"column":6},"end":{"line":230,"column":66}},"102":{"start":{"line":231,"column":6},"end":{"line":231,"column":17}},"103":{"start":{"line":232,"column":6},"end":{"line":232,"column":33}},"104":{"start":{"line":235,"column":17},"end":{"line":237,"column":6}},"105":{"start":{"line":238,"column":4},"end":{"line":242,"column":79}},"106":{"start":{"line":242,"column":6},"end":{"line":242,"column":79}},"107":{"start":{"line":244,"column":30},"end":{"line":246,"column":null}},"108":{"start":{"line":248,"column":4},"end":{"line":251,"column":7}},"109":{"start":{"line":252,"column":4},"end":{"line":252,"column":52}},"110":{"start":{"line":254,"column":4},"end":{"line":254,"column":53}},"111":{"start":{"line":255,"column":4},"end":{"line":255,"column":77}},"112":{"start":{"line":215,"column":13},"end":{"line":215,"column":30}},"113":{"start":{"line":259,"column":30},"end":{"line":280,"column":1}},"114":{"start":{"line":260,"column":2},"end":{"line":279,"column":3}},"115":{"start":{"line":261,"column":22},"end":{"line":261,"column":30}},"116":{"start":{"line":262,"column":17},"end":{"line":262,"column":67}},"117":{"start":{"line":263,"column":4},"end":{"line":274,"column":5}},"118":{"start":{"line":264,"column":25},"end":{"line":267,"column":null}},"119":{"start":{"line":269,"column":6},"end":{"line":273,"column":8}},"120":{"start":{"line":275,"column":4},"end":{"line":275,"column":65}},"121":{"start":{"line":277,"column":4},"end":{"line":277,"column":53}},"122":{"start":{"line":278,"column":4},"end":{"line":278,"column":77}},"123":{"start":{"line":259,"column":13},"end":{"line":259,"column":30}},"124":{"start":{"line":282,"column":29},"end":{"line":298,"column":1}},"125":{"start":{"line":283,"column":2},"end":{"line":297,"column":3}},"126":{"start":{"line":284,"column":35},"end":{"line":284,"column":43}},"127":{"start":{"line":285,"column":20},"end":{"line":285,"column":null}},"128":{"start":{"line":288,"column":19},"end":{"line":288,"column":53}},"129":{"start":{"line":289,"column":4},"end":{"line":292,"column":7}},"130":{"start":{"line":293,"column":4},"end":{"line":293,"column":53}},"131":{"start":{"line":295,"column":4},"end":{"line":295,"column":52}},"132":{"start":{"line":296,"column":4},"end":{"line":296,"column":77}},"133":{"start":{"line":282,"column":13},"end":{"line":282,"column":29}},"134":{"start":{"line":300,"column":13},"end":{"line":311,"column":2}}},"fnMap":{"0":{"name":"(anonymous_1)","decl":{"start":{"line":19,"column":36},"end":{"line":19,"column":37}},"loc":{"start":{"line":19,"column":69},"end":{"line":21,"column":1}}},"1":{"name":"(anonymous_2)","decl":{"start":{"line":24,"column":24},"end":{"line":24,"column":29}},"loc":{"start":{"line":24,"column":62},"end":{"line":58,"column":1}}},"2":{"name":"(anonymous_3)","decl":{"start":{"line":61,"column":27},"end":{"line":61,"column":32}},"loc":{"start":{"line":61,"column":65},"end":{"line":76,"column":1}}},"3":{"name":"(anonymous_4)","decl":{"start":{"line":79,"column":21},"end":{"line":79,"column":26}},"loc":{"start":{"line":79,"column":59},"end":{"line":155,"column":1}}},"4":{"name":"(anonymous_5)","decl":{"start":{"line":158,"column":32},"end":{"line":158,"column":37}},"loc":{"start":{"line":158,"column":70},"end":{"line":195,"column":1}}},"5":{"name":"(anonymous_6)","decl":{"start":{"line":198,"column":26},"end":{"line":198,"column":31}},"loc":{"start":{"line":198,"column":64},"end":{"line":207,"column":1}}},"6":{"name":"(anonymous_7)","decl":{"start":{"line":209,"column":22},"end":{"line":209,"column":27}},"loc":{"start":{"line":209,"column":60},"end":{"line":213,"column":1}}},"7":{"name":"(anonymous_8)","decl":{"start":{"line":215,"column":30},"end":{"line":215,"column":35}},"loc":{"start":{"line":215,"column":68},"end":{"line":257,"column":1}}},"8":{"name":"(anonymous_9)","decl":{"start":{"line":227,"column":20},"end":{"line":227,"column":21}},"loc":{"start":{"line":227,"column":36},"end":{"line":233,"column":5}}},"9":{"name":"(anonymous_10)","decl":{"start":{"line":259,"column":30},"end":{"line":259,"column":35}},"loc":{"start":{"line":259,"column":68},"end":{"line":280,"column":1}}},"10":{"name":"(anonymous_11)","decl":{"start":{"line":282,"column":29},"end":{"line":282,"column":34}},"loc":{"start":{"line":282,"column":67},"end":{"line":298,"column":1}}}},"branchMap":{"0":{"loc":{"start":{"line":28,"column":4},"end":{"line":29,"column":70}},"type":"if","locations":[{"start":{"line":28,"column":4},"end":{"line":29,"column":70}},{"start":{},"end":{}}]},"1":{"loc":{"start":{"line":84,"column":4},"end":{"line":85,"column":69}},"type":"if","locations":[{"start":{"line":84,"column":4},"end":{"line":85,"column":69}},{"start":{},"end":{}}]},"2":{"loc":{"start":{"line":98,"column":4},"end":{"line":99,"column":66}},"type":"if","locations":[{"start":{"line":98,"column":4},"end":{"line":99,"column":66}},{"start":{},"end":{}}]},"3":{"loc":{"start":{"line":118,"column":4},"end":{"line":120,"column":5}},"type":"if","locations":[{"start":{"line":118,"column":4},"end":{"line":120,"column":5}},{"start":{},"end":{}}]},"4":{"loc":{"start":{"line":118,"column":8},"end":{"line":118,"column":70}},"type":"binary-expr","locations":[{"start":{"line":118,"column":8},"end":{"line":118,"column":13}},{"start":{"line":118,"column":17},"end":{"line":118,"column":70}}]},"5":{"loc":{"start":{"line":122,"column":4},"end":{"line":124,"column":5}},"type":"if","locations":[{"start":{"line":122,"column":4},"end":{"line":124,"column":5}},{"start":{},"end":{}}]},"6":{"loc":{"start":{"line":143,"column":10},"end":{"line":145,"column":18}},"type":"cond-expr","locations":[{"start":{"line":144,"column":14},"end":{"line":144,"column":42}},{"start":{"line":145,"column":14},"end":{"line":145,"column":18}}]},"7":{"loc":{"start":{"line":143,"column":10},"end":{"line":143,"column":51}},"type":"binary-expr","locations":[{"start":{"line":143,"column":10},"end":{"line":143,"column":23}},{"start":{"line":143,"column":27},"end":{"line":143,"column":51}}]},"8":{"loc":{"start":{"line":161,"column":4},"end":{"line":162,"column":78}},"type":"if","locations":[{"start":{"line":161,"column":4},"end":{"line":162,"column":78}},{"start":{},"end":{}}]},"9":{"loc":{"start":{"line":161,"column":8},"end":{"line":161,"column":38}},"type":"binary-expr","locations":[{"start":{"line":161,"column":8},"end":{"line":161,"column":21}},{"start":{"line":161,"column":25},"end":{"line":161,"column":38}}]},"10":{"loc":{"start":{"line":192,"column":4},"end":{"line":192,"column":55}},"type":"if","locations":[{"start":{"line":192,"column":4},"end":{"line":192,"column":55}},{"start":{},"end":{}}]},"11":{"loc":{"start":{"line":200,"column":2},"end":{"line":200,"column":79}},"type":"if","locations":[{"start":{"line":200,"column":2},"end":{"line":200,"column":79}},{"start":{},"end":{}}]},"12":{"loc":{"start":{"line":211,"column":2},"end":{"line":211,"column":67}},"type":"if","locations":[{"start":{"line":211,"column":2},"end":{"line":211,"column":67}},{"start":{},"end":{}}]},"13":{"loc":{"start":{"line":238,"column":4},"end":{"line":242,"column":79}},"type":"if","locations":[{"start":{"line":238,"column":4},"end":{"line":242,"column":79}},{"start":{},"end":{}}]},"14":{"loc":{"start":{"line":239,"column":6},"end":{"line":240,"column":79}},"type":"binary-expr","locations":[{"start":{"line":239,"column":6},"end":{"line":239,"column":11}},{"start":{"line":240,"column":6},"end":{"line":240,"column":79}}]},"15":{"loc":{"start":{"line":263,"column":4},"end":{"line":274,"column":5}},"type":"if","locations":[{"start":{"line":263,"column":4},"end":{"line":274,"column":5}},{"start":{},"end":{}}]}},"s":{"0":1,"1":1,"2":1,"3":1,"4":1,"5":1,"6":1,"7":1,"8":1,"9":1,"10":1,"11":1,"12":1,"13":1,"14":3,"15":3,"16":3,"17":3,"18":1,"19":2,"20":2,"21":1,"22":1,"23":1,"24":1,"25":1,"26":1,"27":1,"28":1,"29":2,"30":2,"31":2,"32":1,"33":1,"34":1,"35":1,"36":1,"37":1,"38":7,"39":7,"40":7,"41":1,"42":6,"43":6,"44":1,"45":5,"46":5,"47":5,"48":5,"49":5,"50":5,"51":5,"52":5,"53":1,"54":4,"55":1,"56":3,"57":3,"58":0,"59":0,"60":1,"61":1,"62":3,"63":3,"64":3,"65":1,"66":2,"67":2,"68":2,"69":2,"70":2,"71":1,"72":1,"73":1,"74":1,"75":1,"76":1,"77":1,"78":1,"79":1,"80":3,"81":3,"82":1,"83":2,"84":2,"85":1,"86":1,"87":2,"88":2,"89":1,"90":2,"91":1,"92":1,"93":5,"94":5,"95":5,"96":5,"97":5,"98":5,"99":6,"100":6,"101":6,"102":6,"103":6,"104":5,"105":5,"106":2,"107":2,"108":2,"109":2,"110":1,"111":1,"112":1,"113":1,"114":2,"115":2,"116":2,"117":2,"118":1,"119":1,"120":2,"121":0,"122":0,"123":1,"124":1,"125":3,"126":3,"127":3,"128":2,"129":1,"130":1,"131":2,"132":2,"133":1,"134":1},"f":{"0":1,"1":3,"2":2,"3":7,"4":3,"5":3,"6":2,"7":5,"8":6,"9":2,"10":3},"b":{"0":[1,2],"1":[1,6],"2":[1,5],"3":[1,4],"4":[5,4],"5":[1,3],"6":[1,2],"7":[3,3],"8":[1,2],"9":[3,2],"10":[1,0],"11":[1,2],"12":[1,1],"13":[2,2],"14":[5,4],"15":[1,1]}}
,"C:\\Users\\Huesos\\Documents\\TuCampus\\TuCampus_Backend\\src\\api\\controllers\\chatController.ts": {"path":"C:\\Users\\Huesos\\Documents\\TuCampus\\TuCampus_Backend\\src\\api\\controllers\\chatController.ts","statementMap":{"0":{"start":{"line":2,"column":0},"end":{"line":2,"column":44}},"1":{"start":{"line":4,"column":13},"end":{"line":122,"column":2}},"2":{"start":{"line":6,"column":4},"end":{"line":46,"column":5}},"3":{"start":{"line":7,"column":43},"end":{"line":7,"column":51}},"4":{"start":{"line":8,"column":27},"end":{"line":8,"column":39}},"5":{"start":{"line":10,"column":6},"end":{"line":13,"column":7}},"6":{"start":{"line":11,"column":8},"end":{"line":11,"column":67}},"7":{"start":{"line":12,"column":8},"end":{"line":12,"column":15}},"8":{"start":{"line":15,"column":17},"end":{"line":24,"column":8}},"9":{"start":{"line":26,"column":6},"end":{"line":39,"column":7}},"10":{"start":{"line":27,"column":8},"end":{"line":38,"column":11}},"11":{"start":{"line":41,"column":6},"end":{"line":41,"column":21}},"12":{"start":{"line":43,"column":6},"end":{"line":45,"column":72}},"13":{"start":{"line":50,"column":4},"end":{"line":69,"column":5}},"14":{"start":{"line":51,"column":32},"end":{"line":51,"column":40}},"15":{"start":{"line":52,"column":24},"end":{"line":52,"column":36}},"16":{"start":{"line":54,"column":20},"end":{"line":62,"column":8}},"17":{"start":{"line":64,"column":6},"end":{"line":64,"column":20}},"18":{"start":{"line":66,"column":6},"end":{"line":68,"column":76}},"19":{"start":{"line":73,"column":4},"end":{"line":88,"column":5}},"20":{"start":{"line":74,"column":21},"end":{"line":74,"column":33}},"21":{"start":{"line":75,"column":20},"end":{"line":81,"column":8}},"22":{"start":{"line":83,"column":6},"end":{"line":83,"column":22}},"23":{"start":{"line":85,"column":6},"end":{"line":87,"column":74}},"24":{"start":{"line":92,"column":4},"end":{"line":120,"column":5}},"25":{"start":{"line":93,"column":26},"end":{"line":93,"column":36}},"26":{"start":{"line":94,"column":21},"end":{"line":94,"column":66}},"27":{"start":{"line":95,"column":21},"end":{"line":95,"column":33}},"28":{"start":{"line":97,"column":19},"end":{"line":106,"column":8}},"29":{"start":{"line":108,"column":6},"end":{"line":113,"column":7}},"30":{"start":{"line":109,"column":8},"end":{"line":111,"column":69}},"31":{"start":{"line":112,"column":8},"end":{"line":112,"column":15}},"32":{"start":{"line":115,"column":6},"end":{"line":115,"column":21}},"33":{"start":{"line":117,"column":6},"end":{"line":119,"column":76}}},"fnMap":{"0":{"name":"(anonymous_1)","decl":{"start":{"line":5,"column":19},"end":{"line":5,"column":24}},"loc":{"start":{"line":5,"column":72},"end":{"line":47,"column":3}}},"1":{"name":"(anonymous_2)","decl":{"start":{"line":49,"column":15},"end":{"line":49,"column":20}},"loc":{"start":{"line":49,"column":68},"end":{"line":70,"column":3}}},"2":{"name":"(anonymous_3)","decl":{"start":{"line":72,"column":14},"end":{"line":72,"column":19}},"loc":{"start":{"line":72,"column":67},"end":{"line":89,"column":3}}},"3":{"name":"(anonymous_4)","decl":{"start":{"line":91,"column":15},"end":{"line":91,"column":20}},"loc":{"start":{"line":91,"column":68},"end":{"line":121,"column":3}}}},"branchMap":{"0":{"loc":{"start":{"line":10,"column":6},"end":{"line":13,"column":7}},"type":"if","locations":[{"start":{"line":10,"column":6},"end":{"line":13,"column":7}},{"start":{},"end":{}}]},"1":{"loc":{"start":{"line":26,"column":6},"end":{"line":39,"column":7}},"type":"if","locations":[{"start":{"line":26,"column":6},"end":{"line":39,"column":7}},{"start":{},"end":{}}]},"2":{"loc":{"start":{"line":94,"column":21},"end":{"line":94,"column":66}},"type":"cond-expr","locations":[{"start":{"line":94,"column":46},"end":{"line":94,"column":56}},{"start":{"line":94,"column":59},"end":{"line":94,"column":66}}]},"3":{"loc":{"start":{"line":108,"column":6},"end":{"line":113,"column":7}},"type":"if","locations":[{"start":{"line":108,"column":6},"end":{"line":113,"column":7}},{"start":{},"end":{}}]}},"s":{"0":1,"1":1,"2":4,"3":4,"4":4,"5":4,"6":2,"7":2,"8":2,"9":1,"10":0,"11":1,"12":1,"13":2,"14":2,"15":2,"16":2,"17":1,"18":1,"19":2,"20":2,"21":2,"22":1,"23":1,"24":4,"25":4,"26":4,"27":4,"28":4,"29":3,"30":2,"31":2,"32":1,"33":1},"f":{"0":4,"1":2,"2":2,"3":4},"b":{"0":[2,2],"1":[0,1],"2":[1,3],"3":[2,1]}}
,"C:\\Users\\Huesos\\Documents\\TuCampus\\TuCampus_Backend\\src\\api\\controllers\\fileController.ts": {"path":"C:\\Users\\Huesos\\Documents\\TuCampus\\TuCampus_Backend\\src\\api\\controllers\\fileController.ts","statementMap":{"0":{"start":{"line":2,"column":0},"end":{"line":2,"column":28}},"1":{"start":{"line":3,"column":0},"end":{"line":3,"column":20}},"2":{"start":{"line":4,"column":0},"end":{"line":4,"column":26}},"3":{"start":{"line":5,"column":0},"end":{"line":5,"column":33}},"4":{"start":{"line":6,"column":0},"end":{"line":6,"column":44}},"5":{"start":{"line":8,"column":34},"end":{"line":73,"column":1}},"6":{"start":{"line":12,"column":2},"end":{"line":72,"column":3}},"7":{"start":{"line":13,"column":4},"end":{"line":16,"column":5}},"8":{"start":{"line":14,"column":6},"end":{"line":14,"column":76}},"9":{"start":{"line":15,"column":6},"end":{"line":15,"column":13}},"10":{"start":{"line":18,"column":4},"end":{"line":21,"column":5}},"11":{"start":{"line":19,"column":6},"end":{"line":19,"column":66}},"12":{"start":{"line":20,"column":6},"end":{"line":20,"column":13}},"13":{"start":{"line":23,"column":17},"end":{"line":23,"column":25}},"14":{"start":{"line":24,"column":19},"end":{"line":24,"column":30}},"15":{"start":{"line":26,"column":23},"end":{"line":26,"column":49}},"16":{"start":{"line":27,"column":21},"end":{"line":30,"column":20}},"17":{"start":{"line":33,"column":17},"end":{"line":33,"column":31}},"18":{"start":{"line":34,"column":4},"end":{"line":34,"column":56}},"19":{"start":{"line":36,"column":21},"end":{"line":39,"column":null}},"20":{"start":{"line":42,"column":30},"end":{"line":42,"column":52}},"21":{"start":{"line":43,"column":4},"end":{"line":51,"column":7}},"22":{"start":{"line":54,"column":4},"end":{"line":56,"column":5}},"23":{"start":{"line":55,"column":6},"end":{"line":55,"column":31}},"24":{"start":{"line":58,"column":4},"end":{"line":62,"column":7}},"25":{"start":{"line":64,"column":4},"end":{"line":66,"column":5}},"26":{"start":{"line":65,"column":6},"end":{"line":65,"column":35}},"27":{"start":{"line":67,"column":4},"end":{"line":67,"column":62}},"28":{"start":{"line":68,"column":4},"end":{"line":71,"column":7}},"29":{"start":{"line":8,"column":13},"end":{"line":8,"column":34}}},"fnMap":{"0":{"name":"(anonymous_1)","decl":{"start":{"line":8,"column":34},"end":{"line":8,"column":39}},"loc":{"start":{"line":11,"column":19},"end":{"line":73,"column":1}}}},"branchMap":{"0":{"loc":{"start":{"line":13,"column":4},"end":{"line":16,"column":5}},"type":"if","locations":[{"start":{"line":13,"column":4},"end":{"line":16,"column":5}},{"start":{},"end":{}}]},"1":{"loc":{"start":{"line":18,"column":4},"end":{"line":21,"column":5}},"type":"if","locations":[{"start":{"line":18,"column":4},"end":{"line":21,"column":5}},{"start":{},"end":{}}]},"2":{"loc":{"start":{"line":54,"column":4},"end":{"line":56,"column":5}},"type":"if","locations":[{"start":{"line":54,"column":4},"end":{"line":56,"column":5}},{"start":{},"end":{}}]},"3":{"loc":{"start":{"line":64,"column":4},"end":{"line":66,"column":5}},"type":"if","locations":[{"start":{"line":64,"column":4},"end":{"line":66,"column":5}},{"start":{},"end":{}}]},"4":{"loc":{"start":{"line":64,"column":8},"end":{"line":64,"column":48}},"type":"binary-expr","locations":[{"start":{"line":64,"column":8},"end":{"line":64,"column":16}},{"start":{"line":64,"column":20},"end":{"line":64,"column":48}}]}},"s":{"0":1,"1":1,"2":1,"3":1,"4":1,"5":1,"6":4,"7":4,"8":1,"9":1,"10":3,"11":1,"12":1,"13":2,"14":2,"15":2,"16":2,"17":2,"18":2,"19":2,"20":1,"21":1,"22":1,"23":1,"24":1,"25":1,"26":1,"27":1,"28":1,"29":1},"f":{"0":4},"b":{"0":[1,3],"1":[1,2],"2":[1,0],"3":[1,0],"4":[1,1]}}
,"C:\\Users\\Huesos\\Documents\\TuCampus\\TuCampus_Backend\\src\\api\\controllers\\iaController.ts": {"path":"C:\\Users\\Huesos\\Documents\\TuCampus\\TuCampus_Backend\\src\\api\\controllers\\iaController.ts","statementMap":{"0":{"start":{"line":2,"column":0},"end":{"line":2,"column":29}},"1":{"start":{"line":3,"column":0},"end":{"line":3,"column":44}},"2":{"start":{"line":5,"column":10},"end":{"line":5,"column":59}},"3":{"start":{"line":7,"column":22},"end":{"line":12,"column":1}},"4":{"start":{"line":8,"column":14},"end":{"line":10,"column":4}},"5":{"start":{"line":11,"column":2},"end":{"line":11,"column":34}},"6":{"start":{"line":14,"column":21},"end":{"line":79,"column":1}},"7":{"start":{"line":15,"column":2},"end":{"line":78,"column":3}},"8":{"start":{"line":16,"column":23},"end":{"line":16,"column":38}},"9":{"start":{"line":17,"column":22},"end":{"line":19,"column":6}},"10":{"start":{"line":21,"column":4},"end":{"line":24,"column":5}},"11":{"start":{"line":22,"column":6},"end":{"line":22,"column":70}},"12":{"start":{"line":23,"column":6},"end":{"line":23,"column":13}},"13":{"start":{"line":26,"column":25},"end":{"line":35,"column":7}},"14":{"start":{"line":26,"column":47},"end":{"line":35,"column":6}},"15":{"start":{"line":37,"column":4},"end":{"line":37,"column":50}},"16":{"start":{"line":39,"column":4},"end":{"line":73,"column":6}},"17":{"start":{"line":41,"column":23},"end":{"line":47,"column":36}},"18":{"start":{"line":49,"column":8},"end":{"line":71,"column":11}},"19":{"start":{"line":75,"column":4},"end":{"line":75,"column":79}},"20":{"start":{"line":77,"column":4},"end":{"line":77,"column":51}},"21":{"start":{"line":14,"column":13},"end":{"line":14,"column":21}},"22":{"start":{"line":81,"column":12},"end":{"line":103,"column":1}},"23":{"start":{"line":82,"column":2},"end":{"line":102,"column":3}},"24":{"start":{"line":83,"column":23},"end":{"line":83,"column":54}},"25":{"start":{"line":84,"column":23},"end":{"line":84,"column":38}},"26":{"start":{"line":85,"column":24},"end":{"line":87,"column":11}},"27":{"start":{"line":89,"column":24},"end":{"line":97,"column":6}},"28":{"start":{"line":99,"column":4},"end":{"line":99,"column":30}},"29":{"start":{"line":101,"column":4},"end":{"line":101,"column":51}},"30":{"start":{"line":105,"column":14},"end":{"line":113,"column":1}},"31":{"start":{"line":106,"column":2},"end":{"line":112,"column":3}},"32":{"start":{"line":107,"column":4},"end":{"line":107,"column":47}},"33":{"start":{"line":108,"column":4},"end":{"line":108,"column":60}},"34":{"start":{"line":109,"column":4},"end":{"line":109,"column":55}},"35":{"start":{"line":111,"column":4},"end":{"line":111,"column":51}},"36":{"start":{"line":115,"column":16},"end":{"line":117,"column":1}},"37":{"start":{"line":116,"column":2},"end":{"line":116,"column":56}},"38":{"start":{"line":119,"column":13},"end":{"line":124,"column":2}}},"fnMap":{"0":{"name":"(anonymous_1)","decl":{"start":{"line":7,"column":22},"end":{"line":7,"column":33}},"loc":{"start":{"line":7,"column":35},"end":{"line":12,"column":1}}},"1":{"name":"(anonymous_2)","decl":{"start":{"line":14,"column":21},"end":{"line":14,"column":26}},"loc":{"start":{"line":14,"column":74},"end":{"line":79,"column":1}}},"2":{"name":"(anonymous_3)","decl":{"start":{"line":26,"column":39},"end":{"line":26,"column":40}},"loc":{"start":{"line":26,"column":47},"end":{"line":35,"column":6}}},"3":{"name":"(anonymous_4)","decl":{"start":{"line":40,"column":20},"end":{"line":40,"column":21}},"loc":{"start":{"line":40,"column":26},"end":{"line":72,"column":7}}},"4":{"name":"(anonymous_5)","decl":{"start":{"line":81,"column":12},"end":{"line":81,"column":17}},"loc":{"start":{"line":81,"column":65},"end":{"line":103,"column":1}}},"5":{"name":"(anonymous_6)","decl":{"start":{"line":105,"column":14},"end":{"line":105,"column":19}},"loc":{"start":{"line":105,"column":68},"end":{"line":113,"column":1}}},"6":{"name":"(anonymous_7)","decl":{"start":{"line":115,"column":16},"end":{"line":115,"column":21}},"loc":{"start":{"line":115,"column":69},"end":{"line":117,"column":1}}}},"branchMap":{"0":{"loc":{"start":{"line":21,"column":4},"end":{"line":24,"column":5}},"type":"if","locations":[{"start":{"line":21,"column":4},"end":{"line":24,"column":5}},{"start":{},"end":{}}]},"1":{"loc":{"start":{"line":28,"column":17},"end":{"line":28,"column":38}},"type":"binary-expr","locations":[{"start":{"line":28,"column":17},"end":{"line":28,"column":33}},{"start":{"line":28,"column":37},"end":{"line":28,"column":38}}]},"2":{"loc":{"start":{"line":29,"column":15},"end":{"line":29,"column":41}},"type":"cond-expr","locations":[{"start":{"line":29,"column":36},"end":{"line":29,"column":37}},{"start":{"line":29,"column":40},"end":{"line":29,"column":41}}]},"3":{"loc":{"start":{"line":29,"column":16},"end":{"line":29,"column":28}},"type":"binary-expr","locations":[{"start":{"line":29,"column":16},"end":{"line":29,"column":23}},{"start":{"line":29,"column":27},"end":{"line":29,"column":28}}]},"4":{"loc":{"start":{"line":31,"column":21},"end":{"line":31,"column":51}},"type":"cond-expr","locations":[{"start":{"line":31,"column":46},"end":{"line":31,"column":47}},{"start":{"line":31,"column":50},"end":{"line":31,"column":51}}]},"5":{"loc":{"start":{"line":32,"column":16},"end":{"line":32,"column":47}},"type":"cond-expr","locations":[{"start":{"line":32,"column":42},"end":{"line":32,"column":43}},{"start":{"line":32,"column":46},"end":{"line":32,"column":47}}]},"6":{"loc":{"start":{"line":32,"column":17},"end":{"line":32,"column":32}},"type":"binary-expr","locations":[{"start":{"line":32,"column":17},"end":{"line":32,"column":27}},{"start":{"line":32,"column":31},"end":{"line":32,"column":32}}]},"7":{"loc":{"start":{"line":34,"column":28},"end":{"line":34,"column":56}},"type":"cond-expr","locations":[{"start":{"line":34,"column":49},"end":{"line":34,"column":50}},{"start":{"line":34,"column":53},"end":{"line":34,"column":56}}]},"8":{"loc":{"start":{"line":34,"column":29},"end":{"line":34,"column":41}},"type":"binary-expr","locations":[{"start":{"line":34,"column":29},"end":{"line":34,"column":36}},{"start":{"line":34,"column":40},"end":{"line":34,"column":41}}]},"9":{"loc":{"start":{"line":42,"column":19},"end":{"line":42,"column":40}},"type":"binary-expr","locations":[{"start":{"line":42,"column":19},"end":{"line":42,"column":35}},{"start":{"line":42,"column":39},"end":{"line":42,"column":40}}]},"10":{"loc":{"start":{"line":43,"column":17},"end":{"line":43,"column":43}},"type":"cond-expr","locations":[{"start":{"line":43,"column":38},"end":{"line":43,"column":39}},{"start":{"line":43,"column":42},"end":{"line":43,"column":43}}]},"11":{"loc":{"start":{"line":43,"column":18},"end":{"line":43,"column":30}},"type":"binary-expr","locations":[{"start":{"line":43,"column":18},"end":{"line":43,"column":25}},{"start":{"line":43,"column":29},"end":{"line":43,"column":30}}]},"12":{"loc":{"start":{"line":45,"column":23},"end":{"line":45,"column":53}},"type":"cond-expr","locations":[{"start":{"line":45,"column":48},"end":{"line":45,"column":49}},{"start":{"line":45,"column":52},"end":{"line":45,"column":53}}]},"13":{"loc":{"start":{"line":46,"column":18},"end":{"line":46,"column":49}},"type":"cond-expr","locations":[{"start":{"line":46,"column":44},"end":{"line":46,"column":45}},{"start":{"line":46,"column":48},"end":{"line":46,"column":49}}]},"14":{"loc":{"start":{"line":46,"column":19},"end":{"line":46,"column":34}},"type":"binary-expr","locations":[{"start":{"line":46,"column":19},"end":{"line":46,"column":29}},{"start":{"line":46,"column":33},"end":{"line":46,"column":34}}]},"15":{"loc":{"start":{"line":65,"column":20},"end":{"line":65,"column":41}},"type":"binary-expr","locations":[{"start":{"line":65,"column":20},"end":{"line":65,"column":36}},{"start":{"line":65,"column":40},"end":{"line":65,"column":41}}]},"16":{"loc":{"start":{"line":66,"column":23},"end":{"line":66,"column":47}},"type":"binary-expr","locations":[{"start":{"line":66,"column":23},"end":{"line":66,"column":34}},{"start":{"line":66,"column":38},"end":{"line":66,"column":47}}]},"17":{"loc":{"start":{"line":67,"column":23},"end":{"line":67,"column":40}},"type":"binary-expr","locations":[{"start":{"line":67,"column":23},"end":{"line":67,"column":34}},{"start":{"line":67,"column":38},"end":{"line":67,"column":40}}]},"18":{"loc":{"start":{"line":68,"column":18},"end":{"line":68,"column":39}},"type":"binary-expr","locations":[{"start":{"line":68,"column":18},"end":{"line":68,"column":24}},{"start":{"line":68,"column":28},"end":{"line":68,"column":39}}]},"19":{"loc":{"start":{"line":69,"column":22},"end":{"line":69,"column":37}},"type":"binary-expr","locations":[{"start":{"line":69,"column":22},"end":{"line":69,"column":32}},{"start":{"line":69,"column":36},"end":{"line":69,"column":37}}]},"20":{"loc":{"start":{"line":85,"column":24},"end":{"line":87,"column":11}},"type":"cond-expr","locations":[{"start":{"line":86,"column":8},"end":{"line":86,"column":41}},{"start":{"line":87,"column":8},"end":{"line":87,"column":11}}]}},"s":{"0":1,"1":1,"2":1,"3":1,"4":7,"5":7,"6":1,"7":3,"8":3,"9":3,"10":2,"11":1,"12":1,"13":1,"14":2,"15":1,"16":1,"17":2,"18":2,"19":1,"20":1,"21":1,"22":1,"23":4,"24":4,"25":4,"26":4,"27":4,"28":3,"29":1,"30":1,"31":2,"32":2,"33":1,"34":1,"35":1,"36":1,"37":1,"38":1},"f":{"0":7,"1":3,"2":2,"3":2,"4":4,"5":2,"6":1},"b":{"0":[1,1],"1":[2,1],"2":[1,1],"3":[2,1],"4":[1,1],"5":[1,1],"6":[2,0],"7":[1,1],"8":[2,1],"9":[2,1],"10":[1,1],"11":[2,1],"12":[1,1],"13":[1,1],"14":[2,0],"15":[2,1],"16":[2,1],"17":[2,1],"18":[2,0],"19":[2,0],"20":[1,3]}}
,"C:\\Users\\Huesos\\Documents\\TuCampus\\TuCampus_Backend\\src\\api\\controllers\\marketController.ts": {"path":"C:\\Users\\Huesos\\Documents\\TuCampus\\TuCampus_Backend\\src\\api\\controllers\\marketController.ts","statementMap":{"0":{"start":{"line":2,"column":0},"end":{"line":2,"column":44}},"1":{"start":{"line":4,"column":13},"end":{"line":201,"column":2}},"2":{"start":{"line":6,"column":4},"end":{"line":35,"column":5}},"3":{"start":{"line":7,"column":67},"end":{"line":7,"column":75}},"4":{"start":{"line":8,"column":21},"end":{"line":8,"column":33}},"5":{"start":{"line":10,"column":24},"end":{"line":25,"column":8}},"6":{"start":{"line":27,"column":6},"end":{"line":30,"column":9}},"7":{"start":{"line":32,"column":6},"end":{"line":34,"column":70}},"8":{"start":{"line":39,"column":4},"end":{"line":56,"column":5}},"9":{"start":{"line":40,"column":20},"end":{"line":44,"column":8}},"10":{"start":{"line":46,"column":29},"end":{"line":49,"column":9}},"11":{"start":{"line":46,"column":50},"end":{"line":49,"column":8}},"12":{"start":{"line":51,"column":6},"end":{"line":51,"column":31}},"13":{"start":{"line":53,"column":6},"end":{"line":55,"column":79}},"14":{"start":{"line":60,"column":4},"end":{"line":90,"column":5}},"15":{"start":{"line":61,"column":17},"end":{"line":63,"column":23}},"16":{"start":{"line":64,"column":67},"end":{"line":64,"column":75}},"17":{"start":{"line":66,"column":19},"end":{"line":76,"column":8}},"18":{"start":{"line":78,"column":6},"end":{"line":83,"column":7}},"19":{"start":{"line":79,"column":8},"end":{"line":81,"column":75}},"20":{"start":{"line":82,"column":8},"end":{"line":82,"column":15}},"21":{"start":{"line":85,"column":6},"end":{"line":85,"column":73}},"22":{"start":{"line":87,"column":6},"end":{"line":89,"column":72}},"23":{"start":{"line":94,"column":4},"end":{"line":114,"column":5}},"24":{"start":{"line":95,"column":17},"end":{"line":97,"column":23}},"25":{"start":{"line":98,"column":22},"end":{"line":98,"column":70}},"26":{"start":{"line":100,"column":20},"end":{"line":100,"column":71}},"27":{"start":{"line":102,"column":22},"end":{"line":102,"column":70}},"28":{"start":{"line":104,"column":6},"end":{"line":107,"column":7}},"29":{"start":{"line":105,"column":8},"end":{"line":105,"column":77}},"30":{"start":{"line":106,"column":8},"end":{"line":106,"column":15}},"31":{"start":{"line":109,"column":6},"end":{"line":109,"column":64}},"32":{"start":{"line":111,"column":6},"end":{"line":113,"column":70}},"33":{"start":{"line":118,"column":4},"end":{"line":137,"column":5}},"34":{"start":{"line":119,"column":17},"end":{"line":121,"column":23}},"35":{"start":{"line":122,"column":41},"end":{"line":122,"column":49}},"36":{"start":{"line":124,"column":19},"end":{"line":127,"column":8}},"37":{"start":{"line":129,"column":6},"end":{"line":132,"column":9}},"38":{"start":{"line":134,"column":6},"end":{"line":136,"column":75}},"39":{"start":{"line":141,"column":4},"end":{"line":151,"column":5}},"40":{"start":{"line":142,"column":20},"end":{"line":144,"column":8}},"41":{"start":{"line":145,"column":6},"end":{"line":145,"column":22}},"42":{"start":{"line":147,"column":6},"end":{"line":150,"column":9}},"43":{"start":{"line":155,"column":4},"end":{"line":166,"column":5}},"44":{"start":{"line":156,"column":20},"end":{"line":159,"column":8}},"45":{"start":{"line":160,"column":6},"end":{"line":160,"column":22}},"46":{"start":{"line":162,"column":6},"end":{"line":165,"column":9}},"47":{"start":{"line":170,"column":4},"end":{"line":180,"column":5}},"48":{"start":{"line":171,"column":25},"end":{"line":173,"column":8}},"49":{"start":{"line":174,"column":22},"end":{"line":176,"column":8}},"50":{"start":{"line":177,"column":6},"end":{"line":177,"column":40}},"51":{"start":{"line":179,"column":6},"end":{"line":179,"column":68}},"52":{"start":{"line":184,"column":4},"end":{"line":199,"column":5}},"53":{"start":{"line":185,"column":17},"end":{"line":187,"column":23}},"54":{"start":{"line":188,"column":19},"end":{"line":188,"column":68}},"55":{"start":{"line":190,"column":6},"end":{"line":193,"column":7}},"56":{"start":{"line":191,"column":8},"end":{"line":191,"column":68}},"57":{"start":{"line":192,"column":8},"end":{"line":192,"column":15}},"58":{"start":{"line":194,"column":6},"end":{"line":194,"column":21}},"59":{"start":{"line":196,"column":6},"end":{"line":198,"column":80}}},"fnMap":{"0":{"name":"(anonymous_1)","decl":{"start":{"line":5,"column":15},"end":{"line":5,"column":20}},"loc":{"start":{"line":5,"column":68},"end":{"line":36,"column":3}}},"1":{"name":"(anonymous_2)","decl":{"start":{"line":38,"column":18},"end":{"line":38,"column":23}},"loc":{"start":{"line":38,"column":72},"end":{"line":57,"column":3}}},"2":{"name":"(anonymous_3)","decl":{"start":{"line":46,"column":39},"end":{"line":46,"column":40}},"loc":{"start":{"line":46,"column":50},"end":{"line":49,"column":8}}},"3":{"name":"(anonymous_4)","decl":{"start":{"line":59,"column":14},"end":{"line":59,"column":19}},"loc":{"start":{"line":59,"column":67},"end":{"line":91,"column":3}}},"4":{"name":"(anonymous_5)","decl":{"start":{"line":93,"column":14},"end":{"line":93,"column":19}},"loc":{"start":{"line":93,"column":67},"end":{"line":115,"column":3}}},"5":{"name":"(anonymous_6)","decl":{"start":{"line":117,"column":16},"end":{"line":117,"column":21}},"loc":{"start":{"line":117,"column":69},"end":{"line":138,"column":3}}},"6":{"name":"(anonymous_7)","decl":{"start":{"line":140,"column":14},"end":{"line":140,"column":19}},"loc":{"start":{"line":140,"column":67},"end":{"line":152,"column":3}}},"7":{"name":"(anonymous_8)","decl":{"start":{"line":154,"column":19},"end":{"line":154,"column":24}},"loc":{"start":{"line":154,"column":73},"end":{"line":167,"column":3}}},"8":{"name":"(anonymous_9)","decl":{"start":{"line":169,"column":18},"end":{"line":169,"column":23}},"loc":{"start":{"line":169,"column":72},"end":{"line":181,"column":3}}},"9":{"name":"(anonymous_10)","decl":{"start":{"line":183,"column":15},"end":{"line":183,"column":20}},"loc":{"start":{"line":183,"column":68},"end":{"line":200,"column":3}}}},"branchMap":{"0":{"loc":{"start":{"line":18,"column":12},"end":{"line":22,"column":null}},"type":"cond-expr","locations":[{"start":{"line":19,"column":16},"end":{"line":19,"column":24}},{"start":{"line":20,"column":16},"end":{"line":22,"column":null}}]},"1":{"loc":{"start":{"line":18,"column":12},"end":{"line":18,"column":43}},"type":"binary-expr","locations":[{"start":{"line":18,"column":12},"end":{"line":18,"column":20}},{"start":{"line":18,"column":24},"end":{"line":18,"column":43}}]},"2":{"loc":{"start":{"line":61,"column":17},"end":{"line":63,"column":23}},"type":"cond-expr","locations":[{"start":{"line":62,"column":10},"end":{"line":62,"column":26}},{"start":{"line":63,"column":10},"end":{"line":63,"column":23}}]},"3":{"loc":{"start":{"line":78,"column":6},"end":{"line":83,"column":7}},"type":"if","locations":[{"start":{"line":78,"column":6},"end":{"line":83,"column":7}},{"start":{},"end":{}}]},"4":{"loc":{"start":{"line":95,"column":17},"end":{"line":97,"column":23}},"type":"cond-expr","locations":[{"start":{"line":96,"column":10},"end":{"line":96,"column":26}},{"start":{"line":97,"column":10},"end":{"line":97,"column":23}}]},"5":{"loc":{"start":{"line":98,"column":22},"end":{"line":98,"column":70}},"type":"binary-expr","locations":[{"start":{"line":98,"column":22},"end":{"line":98,"column":43}},{"start":{"line":98,"column":47},"end":{"line":98,"column":70}}]},"6":{"loc":{"start":{"line":100,"column":20},"end":{"line":100,"column":71}},"type":"cond-expr","locations":[{"start":{"line":100,"column":30},"end":{"line":100,"column":36}},{"start":{"line":100,"column":39},"end":{"line":100,"column":71}}]},"7":{"loc":{"start":{"line":104,"column":6},"end":{"line":107,"column":7}},"type":"if","locations":[{"start":{"line":104,"column":6},"end":{"line":107,"column":7}},{"start":{},"end":{}}]},"8":{"loc":{"start":{"line":119,"column":17},"end":{"line":121,"column":23}},"type":"cond-expr","locations":[{"start":{"line":120,"column":10},"end":{"line":120,"column":26}},{"start":{"line":121,"column":10},"end":{"line":121,"column":23}}]},"9":{"loc":{"start":{"line":185,"column":17},"end":{"line":187,"column":23}},"type":"cond-expr","locations":[{"start":{"line":186,"column":10},"end":{"line":186,"column":26}},{"start":{"line":187,"column":10},"end":{"line":187,"column":23}}]},"10":{"loc":{"start":{"line":190,"column":6},"end":{"line":193,"column":7}},"type":"if","locations":[{"start":{"line":190,"column":6},"end":{"line":193,"column":7}},{"start":{},"end":{}}]}},"s":{"0":1,"1":1,"2":4,"3":4,"4":4,"5":4,"6":3,"7":1,"8":2,"9":2,"10":1,"11":1,"12":1,"13":1,"14":4,"15":4,"16":4,"17":4,"18":3,"19":1,"20":1,"21":2,"22":1,"23":6,"24":6,"25":6,"26":6,"27":6,"28":5,"29":1,"30":1,"31":4,"32":1,"33":3,"34":3,"35":3,"36":3,"37":2,"38":1,"39":2,"40":2,"41":1,"42":1,"43":2,"44":2,"45":1,"46":1,"47":2,"48":2,"49":1,"50":1,"51":1,"52":4,"53":4,"54":4,"55":3,"56":1,"57":1,"58":2,"59":1},"f":{"0":4,"1":2,"2":1,"3":4,"4":6,"5":3,"6":2,"7":2,"8":2,"9":4},"b":{"0":[1,3],"1":[4,2],"2":[1,3],"3":[1,2],"4":[1,5],"5":[6,5],"6":[2,4],"7":[1,4],"8":[1,2],"9":[1,3],"10":[1,2]}}
,"C:\\Users\\Huesos\\Documents\\TuCampus\\TuCampus_Backend\\src\\api\\controllers\\notificationController.ts": {"path":"C:\\Users\\Huesos\\Documents\\TuCampus\\TuCampus_Backend\\src\\api\\controllers\\notificationController.ts","statementMap":{"0":{"start":{"line":2,"column":0},"end":{"line":2,"column":44}},"1":{"start":{"line":4,"column":36},"end":{"line":26,"column":1}},"2":{"start":{"line":8,"column":2},"end":{"line":25,"column":3}},"3":{"start":{"line":9,"column":4},"end":{"line":12,"column":5}},"4":{"start":{"line":10,"column":6},"end":{"line":10,"column":57}},"5":{"start":{"line":11,"column":6},"end":{"line":11,"column":13}},"6":{"start":{"line":14,"column":19},"end":{"line":17,"column":6}},"7":{"start":{"line":19,"column":4},"end":{"line":19,"column":21}},"8":{"start":{"line":21,"column":4},"end":{"line":24,"column":7}},"9":{"start":{"line":4,"column":13},"end":{"line":4,"column":36}},"10":{"start":{"line":28,"column":28},"end":{"line":55,"column":1}},"11":{"start":{"line":32,"column":2},"end":{"line":54,"column":3}},"12":{"start":{"line":33,"column":4},"end":{"line":36,"column":5}},"13":{"start":{"line":34,"column":6},"end":{"line":34,"column":57}},"14":{"start":{"line":35,"column":6},"end":{"line":35,"column":13}},"15":{"start":{"line":38,"column":4},"end":{"line":46,"column":7}},"16":{"start":{"line":48,"column":4},"end":{"line":48,"column":57}},"17":{"start":{"line":50,"column":4},"end":{"line":53,"column":7}},"18":{"start":{"line":28,"column":13},"end":{"line":28,"column":28}},"19":{"start":{"line":57,"column":13},"end":{"line":60,"column":2}}},"fnMap":{"0":{"name":"(anonymous_1)","decl":{"start":{"line":4,"column":36},"end":{"line":4,"column":41}},"loc":{"start":{"line":7,"column":19},"end":{"line":26,"column":1}}},"1":{"name":"(anonymous_2)","decl":{"start":{"line":28,"column":28},"end":{"line":28,"column":33}},"loc":{"start":{"line":31,"column":19},"end":{"line":55,"column":1}}}},"branchMap":{"0":{"loc":{"start":{"line":9,"column":4},"end":{"line":12,"column":5}},"type":"if","locations":[{"start":{"line":9,"column":4},"end":{"line":12,"column":5}},{"start":{},"end":{}}]},"1":{"loc":{"start":{"line":33,"column":4},"end":{"line":36,"column":5}},"type":"if","locations":[{"start":{"line":33,"column":4},"end":{"line":36,"column":5}},{"start":{},"end":{}}]}},"s":{"0":1,"1":1,"2":3,"3":3,"4":1,"5":1,"6":2,"7":1,"8":1,"9":1,"10":1,"11":2,"12":2,"13":0,"14":0,"15":2,"16":1,"17":1,"18":1,"19":1},"f":{"0":3,"1":2},"b":{"0":[1,2],"1":[0,2]}}
,"C:\\Users\\Huesos\\Documents\\TuCampus\\TuCampus_Backend\\src\\api\\controllers\\orderController.ts": {"path":"C:\\Users\\Huesos\\Documents\\TuCampus\\TuCampus_Backend\\src\\api\\controllers\\orderController.ts","statementMap":{"0":{"start":{"line":2,"column":0},"end":{"line":2,"column":44}},"1":{"start":{"line":3,"column":0},"end":{"line":3,"column":28}},"2":{"start":{"line":4,"column":0},"end":{"line":4,"column":60}},"3":{"start":{"line":6,"column":16},"end":{"line":6,"column":40}},"4":{"start":{"line":8,"column":18},"end":{"line":11,"column":1}},"5":{"start":{"line":9,"column":13},"end":{"line":9,"column":25}},"6":{"start":{"line":10,"column":2},"end":{"line":10,"column":46}},"7":{"start":{"line":13,"column":13},"end":{"line":206,"column":2}},"8":{"start":{"line":15,"column":4},"end":{"line":42,"column":5}},"9":{"start":{"line":16,"column":31},"end":{"line":16,"column":39}},"10":{"start":{"line":17,"column":21},"end":{"line":17,"column":35}},"11":{"start":{"line":19,"column":27},"end":{"line":21,"column":8}},"12":{"start":{"line":22,"column":19},"end":{"line":36,"column":8}},"13":{"start":{"line":37,"column":6},"end":{"line":37,"column":66}},"14":{"start":{"line":39,"column":6},"end":{"line":41,"column":69}},"15":{"start":{"line":46,"column":4},"end":{"line":54,"column":5}},"16":{"start":{"line":47,"column":19},"end":{"line":50,"column":8}},"17":{"start":{"line":51,"column":6},"end":{"line":51,"column":48}},"18":{"start":{"line":53,"column":6},"end":{"line":53,"column":68}},"19":{"start":{"line":58,"column":4},"end":{"line":105,"column":5}},"20":{"start":{"line":59,"column":21},"end":{"line":59,"column":35}},"21":{"start":{"line":60,"column":29},"end":{"line":60,"column":37}},"22":{"start":{"line":61,"column":19},"end":{"line":64,"column":8}},"23":{"start":{"line":66,"column":6},"end":{"line":69,"column":7}},"24":{"start":{"line":67,"column":8},"end":{"line":67,"column":73}},"25":{"start":{"line":68,"column":8},"end":{"line":68,"column":15}},"26":{"start":{"line":71,"column":20},"end":{"line":88,"column":8}},"27":{"start":{"line":72,"column":8},"end":{"line":77,"column":9}},"28":{"start":{"line":73,"column":10},"end":{"line":76,"column":13}},"29":{"start":{"line":78,"column":8},"end":{"line":87,"column":11}},"30":{"start":{"line":90,"column":17},"end":{"line":90,"column":34}},"31":{"start":{"line":91,"column":6},"end":{"line":95,"column":9}},"32":{"start":{"line":96,"column":6},"end":{"line":100,"column":9}},"33":{"start":{"line":102,"column":6},"end":{"line":104,"column":70}},"34":{"start":{"line":109,"column":4},"end":{"line":148,"column":5}},"35":{"start":{"line":110,"column":24},"end":{"line":110,"column":32}},"36":{"start":{"line":111,"column":6},"end":{"line":123,"column":9}},"37":{"start":{"line":112,"column":8},"end":{"line":122,"column":9}},"38":{"start":{"line":113,"column":26},"end":{"line":119,"column":12}},"39":{"start":{"line":120,"column":10},"end":{"line":121,"column":70}},"40":{"start":{"line":121,"column":12},"end":{"line":121,"column":70}},"41":{"start":{"line":125,"column":21},"end":{"line":127,"column":8}},"42":{"start":{"line":128,"column":25},"end":{"line":128,"column":47}},"43":{"start":{"line":129,"column":21},"end":{"line":144,"column":8}},"44":{"start":{"line":131,"column":40},"end":{"line":136,"column":12}},"45":{"start":{"line":145,"column":6},"end":{"line":145,"column":63}},"46":{"start":{"line":147,"column":6},"end":{"line":147,"column":55}},"47":{"start":{"line":152,"column":18},"end":{"line":152,"column":31}},"48":{"start":{"line":153,"column":20},"end":{"line":153,"column":59}},"49":{"start":{"line":155,"column":4},"end":{"line":158,"column":5}},"50":{"start":{"line":156,"column":6},"end":{"line":156,"column":63}},"51":{"start":{"line":157,"column":6},"end":{"line":157,"column":13}},"52":{"start":{"line":160,"column":4},"end":{"line":168,"column":5}},"53":{"start":{"line":161,"column":20},"end":{"line":164,"column":8}},"54":{"start":{"line":165,"column":6},"end":{"line":165,"column":50}},"55":{"start":{"line":167,"column":6},"end":{"line":167,"column":63}},"56":{"start":{"line":172,"column":4},"end":{"line":181,"column":5}},"57":{"start":{"line":173,"column":25},"end":{"line":173,"column":33}},"58":{"start":{"line":174,"column":20},"end":{"line":177,"column":8}},"59":{"start":{"line":178,"column":6},"end":{"line":178,"column":50}},"60":{"start":{"line":180,"column":6},"end":{"line":180,"column":62}},"61":{"start":{"line":185,"column":19},"end":{"line":185,"column":79}},"62":{"start":{"line":186,"column":4},"end":{"line":186,"column":21}},"63":{"start":{"line":190,"column":19},"end":{"line":192,"column":6}},"64":{"start":{"line":193,"column":4},"end":{"line":193,"column":21}},"65":{"start":{"line":197,"column":16},"end":{"line":197,"column":26}},"66":{"start":{"line":198,"column":4},"end":{"line":198,"column":29}},"67":{"start":{"line":199,"column":39},"end":{"line":203,"column":6}},"68":{"start":{"line":204,"column":4},"end":{"line":204,"column":69}}},"fnMap":{"0":{"name":"(anonymous_1)","decl":{"start":{"line":8,"column":18},"end":{"line":8,"column":19}},"loc":{"start":{"line":8,"column":43},"end":{"line":11,"column":1}}},"1":{"name":"(anonymous_2)","decl":{"start":{"line":14,"column":12},"end":{"line":14,"column":17}},"loc":{"start":{"line":14,"column":65},"end":{"line":43,"column":3}}},"2":{"name":"(anonymous_3)","decl":{"start":{"line":45,"column":11},"end":{"line":45,"column":16}},"loc":{"start":{"line":45,"column":64},"end":{"line":55,"column":3}}},"3":{"name":"(anonymous_4)","decl":{"start":{"line":57,"column":12},"end":{"line":57,"column":17}},"loc":{"start":{"line":57,"column":65},"end":{"line":106,"column":3}}},"4":{"name":"(anonymous_5)","decl":{"start":{"line":71,"column":46},"end":{"line":71,"column":51}},"loc":{"start":{"line":71,"column":59},"end":{"line":88,"column":7}}},"5":{"name":"(anonymous_6)","decl":{"start":{"line":108,"column":20},"end":{"line":108,"column":25}},"loc":{"start":{"line":108,"column":73},"end":{"line":149,"column":3}}},"6":{"name":"(anonymous_7)","decl":{"start":{"line":111,"column":32},"end":{"line":111,"column":37}},"loc":{"start":{"line":111,"column":45},"end":{"line":123,"column":7}}},"7":{"name":"(anonymous_8)","decl":{"start":{"line":131,"column":27},"end":{"line":131,"column":28}},"loc":{"start":{"line":131,"column":40},"end":{"line":136,"column":12}}},"8":{"name":"(anonymous_9)","decl":{"start":{"line":151,"column":15},"end":{"line":151,"column":20}},"loc":{"start":{"line":151,"column":68},"end":{"line":169,"column":3}}},"9":{"name":"(anonymous_10)","decl":{"start":{"line":171,"column":15},"end":{"line":171,"column":20}},"loc":{"start":{"line":171,"column":68},"end":{"line":182,"column":3}}},"10":{"name":"(anonymous_11)","decl":{"start":{"line":184,"column":17},"end":{"line":184,"column":22}},"loc":{"start":{"line":184,"column":70},"end":{"line":187,"column":3}}},"11":{"name":"(anonymous_12)","decl":{"start":{"line":189,"column":15},"end":{"line":189,"column":20}},"loc":{"start":{"line":189,"column":68},"end":{"line":194,"column":3}}},"12":{"name":"(anonymous_13)","decl":{"start":{"line":196,"column":18},"end":{"line":196,"column":23}},"loc":{"start":{"line":196,"column":72},"end":{"line":205,"column":3}}}},"branchMap":{"0":{"loc":{"start":{"line":10,"column":9},"end":{"line":10,"column":45}},"type":"cond-expr","locations":[{"start":{"line":10,"column":29},"end":{"line":10,"column":34}},{"start":{"line":10,"column":37},"end":{"line":10,"column":45}}]},"1":{"loc":{"start":{"line":10,"column":37},"end":{"line":10,"column":45}},"type":"binary-expr","locations":[{"start":{"line":10,"column":37},"end":{"line":10,"column":39}},{"start":{"line":10,"column":43},"end":{"line":10,"column":45}}]},"2":{"loc":{"start":{"line":24,"column":14},"end":{"line":24,"column":40}},"type":"binary-expr","locations":[{"start":{"line":24,"column":14},"end":{"line":24,"column":30}},{"start":{"line":24,"column":34},"end":{"line":24,"column":40}}]},"3":{"loc":{"start":{"line":51,"column":15},"end":{"line":51,"column":46}},"type":"binary-expr","locations":[{"start":{"line":51,"column":15},"end":{"line":51,"column":19}},{"start":{"line":51,"column":23},"end":{"line":51,"column":46}}]},"4":{"loc":{"start":{"line":66,"column":6},"end":{"line":69,"column":7}},"type":"if","locations":[{"start":{"line":66,"column":6},"end":{"line":69,"column":7}},{"start":{},"end":{}}]},"5":{"loc":{"start":{"line":66,"column":10},"end":{"line":66,"column":42}},"type":"binary-expr","locations":[{"start":{"line":66,"column":10},"end":{"line":66,"column":15}},{"start":{"line":66,"column":19},"end":{"line":66,"column":42}}]},"6":{"loc":{"start":{"line":82,"column":24},"end":{"line":82,"column":52}},"type":"binary-expr","locations":[{"start":{"line":82,"column":24},"end":{"line":82,"column":34}},{"start":{"line":82,"column":38},"end":{"line":82,"column":52}}]},"7":{"loc":{"start":{"line":120,"column":10},"end":{"line":121,"column":70}},"type":"if","locations":[{"start":{"line":120,"column":10},"end":{"line":121,"column":70}},{"start":{},"end":{}}]},"8":{"loc":{"start":{"line":153,"column":20},"end":{"line":153,"column":59}},"type":"cond-expr","locations":[{"start":{"line":153,"column":43},"end":{"line":153,"column":51}},{"start":{"line":153,"column":54},"end":{"line":153,"column":59}}]},"9":{"loc":{"start":{"line":155,"column":4},"end":{"line":158,"column":5}},"type":"if","locations":[{"start":{"line":155,"column":4},"end":{"line":158,"column":5}},{"start":{},"end":{}}]},"10":{"loc":{"start":{"line":204,"column":34},"end":{"line":204,"column":58}},"type":"binary-expr","locations":[{"start":{"line":204,"column":34},"end":{"line":204,"column":53}},{"start":{"line":204,"column":57},"end":{"line":204,"column":58}}]}},"s":{"0":1,"1":1,"2":1,"3":1,"4":1,"5":12,"6":12,"7":1,"8":3,"9":3,"10":3,"11":3,"12":2,"13":2,"14":1,"15":3,"16":3,"17":2,"18":1,"19":4,"20":4,"21":4,"22":4,"23":4,"24":1,"25":1,"26":3,"27":3,"28":3,"29":3,"30":2,"31":2,"32":2,"33":1,"34":3,"35":3,"36":3,"37":2,"38":2,"39":2,"40":1,"41":1,"42":1,"43":1,"44":1,"45":1,"46":2,"47":3,"48":3,"49":3,"50":1,"51":1,"52":2,"53":2,"54":1,"55":1,"56":2,"57":2,"58":2,"59":1,"60":1,"61":1,"62":1,"63":2,"64":2,"65":1,"66":1,"67":1,"68":1},"f":{"0":12,"1":3,"2":3,"3":4,"4":3,"5":3,"6":2,"7":1,"8":3,"9":2,"10":1,"11":2,"12":1},"b":{"0":[1,11],"1":[11,1],"2":[2,1],"3":[2,1],"4":[1,3],"5":[4,3],"6":[3,2],"7":[1,1],"8":[1,2],"9":[1,2],"10":[1,1]}}
,"C:\\Users\\Huesos\\Documents\\TuCampus\\TuCampus_Backend\\src\\api\\controllers\\productController.ts": {"path":"C:\\Users\\Huesos\\Documents\\TuCampus\\TuCampus_Backend\\src\\api\\controllers\\productController.ts","statementMap":{"0":{"start":{"line":2,"column":0},"end":{"line":2,"column":44}},"1":{"start":{"line":4,"column":21},"end":{"line":5,"column":41}},"2":{"start":{"line":5,"column":2},"end":{"line":5,"column":41}},"3":{"start":{"line":7,"column":13},"end":{"line":144,"column":2}},"4":{"start":{"line":9,"column":4},"end":{"line":18,"column":5}},"5":{"start":{"line":10,"column":24},"end":{"line":12,"column":8}},"6":{"start":{"line":13,"column":6},"end":{"line":13,"column":38}},"7":{"start":{"line":15,"column":6},"end":{"line":17,"column":76}},"8":{"start":{"line":22,"column":4},"end":{"line":30,"column":5}},"9":{"start":{"line":23,"column":18},"end":{"line":23,"column":46}},"10":{"start":{"line":24,"column":24},"end":{"line":26,"column":8}},"11":{"start":{"line":27,"column":6},"end":{"line":27,"column":38}},"12":{"start":{"line":29,"column":6},"end":{"line":29,"column":70}},"13":{"start":{"line":34,"column":4},"end":{"line":52,"column":5}},"14":{"start":{"line":36,"column":8},"end":{"line":36,"column":61}},"15":{"start":{"line":37,"column":28},"end":{"line":46,"column":8}},"16":{"start":{"line":47,"column":6},"end":{"line":49,"column":74}},"17":{"start":{"line":51,"column":6},"end":{"line":51,"column":80}},"18":{"start":{"line":56,"column":4},"end":{"line":70,"column":5}},"19":{"start":{"line":57,"column":16},"end":{"line":57,"column":51}},"20":{"start":{"line":58,"column":24},"end":{"line":66,"column":8}},"21":{"start":{"line":67,"column":6},"end":{"line":67,"column":38}},"22":{"start":{"line":69,"column":6},"end":{"line":69,"column":64}},"23":{"start":{"line":74,"column":4},"end":{"line":84,"column":5}},"24":{"start":{"line":75,"column":17},"end":{"line":75,"column":44}},"25":{"start":{"line":76,"column":23},"end":{"line":76,"column":73}},"26":{"start":{"line":77,"column":6},"end":{"line":80,"column":7}},"27":{"start":{"line":78,"column":8},"end":{"line":78,"column":68}},"28":{"start":{"line":79,"column":8},"end":{"line":79,"column":15}},"29":{"start":{"line":81,"column":6},"end":{"line":81,"column":25}},"30":{"start":{"line":83,"column":6},"end":{"line":83,"column":59}},"31":{"start":{"line":88,"column":4},"end":{"line":115,"column":5}},"32":{"start":{"line":89,"column":17},"end":{"line":89,"column":44}},"33":{"start":{"line":90,"column":23},"end":{"line":90,"column":73}},"34":{"start":{"line":92,"column":6},"end":{"line":95,"column":7}},"35":{"start":{"line":93,"column":8},"end":{"line":93,"column":55}},"36":{"start":{"line":94,"column":8},"end":{"line":94,"column":15}},"37":{"start":{"line":99,"column":8},"end":{"line":101,"column":66}},"38":{"start":{"line":103,"column":6},"end":{"line":106,"column":7}},"39":{"start":{"line":104,"column":8},"end":{"line":104,"column":63}},"40":{"start":{"line":105,"column":8},"end":{"line":105,"column":15}},"41":{"start":{"line":108,"column":26},"end":{"line":111,"column":8}},"42":{"start":{"line":112,"column":6},"end":{"line":112,"column":75}},"43":{"start":{"line":114,"column":6},"end":{"line":114,"column":63}},"44":{"start":{"line":119,"column":4},"end":{"line":142,"column":5}},"45":{"start":{"line":120,"column":17},"end":{"line":120,"column":44}},"46":{"start":{"line":121,"column":23},"end":{"line":121,"column":73}},"47":{"start":{"line":123,"column":6},"end":{"line":126,"column":7}},"48":{"start":{"line":124,"column":8},"end":{"line":124,"column":68}},"49":{"start":{"line":125,"column":8},"end":{"line":125,"column":15}},"50":{"start":{"line":129,"column":8},"end":{"line":131,"column":66}},"51":{"start":{"line":133,"column":6},"end":{"line":136,"column":7}},"52":{"start":{"line":134,"column":8},"end":{"line":134,"column":63}},"53":{"start":{"line":135,"column":8},"end":{"line":135,"column":15}},"54":{"start":{"line":138,"column":6},"end":{"line":138,"column":53}},"55":{"start":{"line":139,"column":6},"end":{"line":139,"column":55}},"56":{"start":{"line":141,"column":6},"end":{"line":141,"column":61}}},"fnMap":{"0":{"name":"(anonymous_1)","decl":{"start":{"line":4,"column":21},"end":{"line":4,"column":22}},"loc":{"start":{"line":5,"column":2},"end":{"line":5,"column":41}}},"1":{"name":"(anonymous_2)","decl":{"start":{"line":8,"column":15},"end":{"line":8,"column":20}},"loc":{"start":{"line":8,"column":69},"end":{"line":19,"column":3}}},"2":{"name":"(anonymous_3)","decl":{"start":{"line":21,"column":25},"end":{"line":21,"column":30}},"loc":{"start":{"line":21,"column":78},"end":{"line":31,"column":3}}},"3":{"name":"(anonymous_4)","decl":{"start":{"line":33,"column":17},"end":{"line":33,"column":22}},"loc":{"start":{"line":33,"column":70},"end":{"line":53,"column":3}}},"4":{"name":"(anonymous_5)","decl":{"start":{"line":55,"column":18},"end":{"line":55,"column":23}},"loc":{"start":{"line":55,"column":71},"end":{"line":71,"column":3}}},"5":{"name":"(anonymous_6)","decl":{"start":{"line":73,"column":18},"end":{"line":73,"column":23}},"loc":{"start":{"line":73,"column":71},"end":{"line":85,"column":3}}},"6":{"name":"(anonymous_7)","decl":{"start":{"line":87,"column":17},"end":{"line":87,"column":22}},"loc":{"start":{"line":87,"column":70},"end":{"line":116,"column":3}}},"7":{"name":"(anonymous_8)","decl":{"start":{"line":118,"column":17},"end":{"line":118,"column":22}},"loc":{"start":{"line":118,"column":70},"end":{"line":143,"column":3}}}},"branchMap":{"0":{"loc":{"start":{"line":5,"column":2},"end":{"line":5,"column":41}},"type":"cond-expr","locations":[{"start":{"line":5,"column":23},"end":{"line":5,"column":29}},{"start":{"line":5,"column":32},"end":{"line":5,"column":41}}]},"1":{"loc":{"start":{"line":5,"column":32},"end":{"line":5,"column":41}},"type":"binary-expr","locations":[{"start":{"line":5,"column":32},"end":{"line":5,"column":35}},{"start":{"line":5,"column":39},"end":{"line":5,"column":41}}]},"2":{"loc":{"start":{"line":36,"column":8},"end":{"line":36,"column":61}},"type":"cond-expr","locations":[{"start":{"line":36,"column":34},"end":{"line":36,"column":45}},{"start":{"line":36,"column":48},"end":{"line":36,"column":61}}]},"3":{"loc":{"start":{"line":42,"column":20},"end":{"line":42,"column":50}},"type":"binary-expr","locations":[{"start":{"line":42,"column":20},"end":{"line":42,"column":45}},{"start":{"line":42,"column":49},"end":{"line":42,"column":50}}]},"4":{"loc":{"start":{"line":77,"column":6},"end":{"line":80,"column":7}},"type":"if","locations":[{"start":{"line":77,"column":6},"end":{"line":80,"column":7}},{"start":{},"end":{}}]},"5":{"loc":{"start":{"line":92,"column":6},"end":{"line":95,"column":7}},"type":"if","locations":[{"start":{"line":92,"column":6},"end":{"line":95,"column":7}},{"start":{},"end":{}}]},"6":{"loc":{"start":{"line":99,"column":8},"end":{"line":101,"column":66}},"type":"binary-expr","locations":[{"start":{"line":99,"column":8},"end":{"line":99,"column":44}},{"start":{"line":100,"column":9},"end":{"line":100,"column":38}},{"start":{"line":100,"column":42},"end":{"line":100,"column":65}},{"start":{"line":101,"column":9},"end":{"line":101,"column":40}},{"start":{"line":101,"column":44},"end":{"line":101,"column":65}}]},"7":{"loc":{"start":{"line":103,"column":6},"end":{"line":106,"column":7}},"type":"if","locations":[{"start":{"line":103,"column":6},"end":{"line":106,"column":7}},{"start":{},"end":{}}]},"8":{"loc":{"start":{"line":123,"column":6},"end":{"line":126,"column":7}},"type":"if","locations":[{"start":{"line":123,"column":6},"end":{"line":126,"column":7}},{"start":{},"end":{}}]},"9":{"loc":{"start":{"line":129,"column":8},"end":{"line":131,"column":66}},"type":"binary-expr","locations":[{"start":{"line":129,"column":8},"end":{"line":129,"column":44}},{"start":{"line":130,"column":9},"end":{"line":130,"column":38}},{"start":{"line":130,"column":42},"end":{"line":130,"column":65}},{"start":{"line":131,"column":9},"end":{"line":131,"column":40}},{"start":{"line":131,"column":44},"end":{"line":131,"column":65}}]},"10":{"loc":{"start":{"line":133,"column":6},"end":{"line":136,"column":7}},"type":"if","locations":[{"start":{"line":133,"column":6},"end":{"line":136,"column":7}},{"start":{},"end":{}}]}},"s":{"0":1,"1":1,"2":15,"3":1,"4":2,"5":2,"6":1,"7":1,"8":2,"9":2,"10":2,"11":1,"12":1,"13":3,"14":3,"15":3,"16":2,"17":1,"18":2,"19":2,"20":2,"21":1,"22":1,"23":3,"24":3,"25":3,"26":2,"27":1,"28":1,"29":1,"30":1,"31":4,"32":4,"33":4,"34":4,"35":1,"36":1,"37":3,"38":3,"39":1,"40":1,"41":2,"42":1,"43":1,"44":4,"45":4,"46":4,"47":4,"48":1,"49":1,"50":3,"51":3,"52":1,"53":1,"54":2,"55":1,"56":1},"f":{"0":15,"1":2,"2":2,"3":3,"4":2,"5":3,"6":4,"7":4},"b":{"0":[0,15],"1":[15,0],"2":[2,1],"3":[3,2],"4":[1,1],"5":[1,3],"6":[3,1,0,1,1],"7":[1,2],"8":[1,3],"9":[3,3,0,3,3],"10":[1,2]}}
,"C:\\Users\\Huesos\\Documents\\TuCampus\\TuCampus_Backend\\src\\api\\controllers\\userController.ts": {"path":"C:\\Users\\Huesos\\Documents\\TuCampus\\TuCampus_Backend\\src\\api\\controllers\\userController.ts","statementMap":{"0":{"start":{"line":2,"column":0},"end":{"line":2,"column":44}},"1":{"start":{"line":4,"column":31},"end":{"line":25,"column":1}},"2":{"start":{"line":8,"column":2},"end":{"line":24,"column":3}},"3":{"start":{"line":9,"column":4},"end":{"line":12,"column":5}},"4":{"start":{"line":10,"column":6},"end":{"line":10,"column":57}},"5":{"start":{"line":11,"column":6},"end":{"line":11,"column":13}},"6":{"start":{"line":14,"column":18},"end":{"line":17,"column":6}},"7":{"start":{"line":19,"column":4},"end":{"line":19,"column":20}},"8":{"start":{"line":21,"column":4},"end":{"line":23,"column":76}},"9":{"start":{"line":4,"column":13},"end":{"line":4,"column":31}},"10":{"start":{"line":27,"column":32},"end":{"line":61,"column":1}},"11":{"start":{"line":31,"column":2},"end":{"line":60,"column":3}},"12":{"start":{"line":32,"column":36},"end":{"line":32,"column":53}},"13":{"start":{"line":33,"column":19},"end":{"line":33,"column":31}},"14":{"start":{"line":35,"column":4},"end":{"line":53,"column":7}},"15":{"start":{"line":55,"column":4},"end":{"line":55,"column":72}},"16":{"start":{"line":57,"column":4},"end":{"line":59,"column":77}},"17":{"start":{"line":27,"column":13},"end":{"line":27,"column":32}},"18":{"start":{"line":63,"column":29},"end":{"line":84,"column":1}},"19":{"start":{"line":67,"column":2},"end":{"line":83,"column":3}},"20":{"start":{"line":68,"column":19},"end":{"line":68,"column":31}},"21":{"start":{"line":69,"column":33},"end":{"line":69,"column":41}},"22":{"start":{"line":70,"column":4},"end":{"line":75,"column":7}},"23":{"start":{"line":77,"column":4},"end":{"line":77,"column":74}},"24":{"start":{"line":79,"column":4},"end":{"line":79,"column":56}},"25":{"start":{"line":80,"column":4},"end":{"line":82,"column":79}},"26":{"start":{"line":63,"column":13},"end":{"line":63,"column":29}},"27":{"start":{"line":86,"column":13},"end":{"line":90,"column":2}}},"fnMap":{"0":{"name":"(anonymous_1)","decl":{"start":{"line":4,"column":31},"end":{"line":4,"column":36}},"loc":{"start":{"line":7,"column":19},"end":{"line":25,"column":1}}},"1":{"name":"(anonymous_2)","decl":{"start":{"line":27,"column":32},"end":{"line":27,"column":37}},"loc":{"start":{"line":30,"column":19},"end":{"line":61,"column":1}}},"2":{"name":"(anonymous_3)","decl":{"start":{"line":63,"column":29},"end":{"line":63,"column":34}},"loc":{"start":{"line":66,"column":19},"end":{"line":84,"column":1}}}},"branchMap":{"0":{"loc":{"start":{"line":9,"column":4},"end":{"line":12,"column":5}},"type":"if","locations":[{"start":{"line":9,"column":4},"end":{"line":12,"column":5}},{"start":{},"end":{}}]}},"s":{"0":1,"1":1,"2":3,"3":3,"4":1,"5":1,"6":2,"7":1,"8":1,"9":1,"10":1,"11":2,"12":2,"13":2,"14":2,"15":1,"16":1,"17":1,"18":1,"19":2,"20":2,"21":2,"22":2,"23":1,"24":1,"25":1,"26":1,"27":1},"f":{"0":3,"1":2,"2":2},"b":{"0":[1,2]}}
,"C:\\Users\\Huesos\\Documents\\TuCampus\\TuCampus_Backend\\src\\lib\\emailService.ts": {"path":"C:\\Users\\Huesos\\Documents\\TuCampus\\TuCampus_Backend\\src\\lib\\emailService.ts","statementMap":{"0":{"start":{"line":1,"column":0},"end":{"line":1,"column":36}},"1":{"start":{"line":3,"column":15},"end":{"line":3,"column":43}},"2":{"start":{"line":6,"column":0},"end":{"line":12,"column":1}},"3":{"start":{"line":7,"column":2},"end":{"line":7,"column":27}},"4":{"start":{"line":9,"column":2},"end":{"line":11,"column":4}},"5":{"start":{"line":15,"column":25},"end":{"line":26,"column":1}},"6":{"start":{"line":16,"column":2},"end":{"line":19,"column":3}},"7":{"start":{"line":17,"column":4},"end":{"line":17,"column":65}},"8":{"start":{"line":18,"column":4},"end":{"line":18,"column":11}},"9":{"start":{"line":20,"column":2},"end":{"line":25,"column":5}},"10":{"start":{"line":15,"column":13},"end":{"line":15,"column":25}}},"fnMap":{"0":{"name":"(anonymous_1)","decl":{"start":{"line":15,"column":25},"end":{"line":15,"column":30}},"loc":{"start":{"line":15,"column":77},"end":{"line":26,"column":1}}}},"branchMap":{"0":{"loc":{"start":{"line":6,"column":0},"end":{"line":12,"column":1}},"type":"if","locations":[{"start":{"line":6,"column":0},"end":{"line":12,"column":1}},{"start":{"line":8,"column":7},"end":{"line":12,"column":1}}]},"1":{"loc":{"start":{"line":6,"column":4},"end":{"line":6,"column":38}},"type":"binary-expr","locations":[{"start":{"line":6,"column":4},"end":{"line":6,"column":10}},{"start":{"line":6,"column":14},"end":{"line":6,"column":38}}]},"2":{"loc":{"start":{"line":16,"column":2},"end":{"line":19,"column":3}},"type":"if","locations":[{"start":{"line":16,"column":2},"end":{"line":19,"column":3}},{"start":{},"end":{}}]},"3":{"loc":{"start":{"line":16,"column":6},"end":{"line":16,"column":42}},"type":"binary-expr","locations":[{"start":{"line":16,"column":6},"end":{"line":16,"column":13}},{"start":{"line":16,"column":17},"end":{"line":16,"column":42}}]}},"s":{"0":2,"1":2,"2":2,"3":1,"4":1,"5":2,"6":2,"7":1,"8":1,"9":1,"10":2},"f":{"0":2},"b":{"0":[1,1],"1":[2,1],"2":[1,1],"3":[2,1]}}
}
