TN:
SF:src\api\controllers\adminController.ts
FN:5,(anonymous_1)
FN:19,(anonymous_2)
FN:52,(anonymous_3)
FN:77,(anonymous_4)
FN:91,(anonymous_5)
FN:114,(anonymous_6)
FNF:6
FNH:6
FNDA:2,(anonymous_1)
FNDA:3,(anonymous_2)
FNDA:2,(anonymous_3)
FNDA:2,(anonymous_4)
FNDA:2,(anonymous_5)
FNDA:2,(anonymous_6)
DA:2,1
DA:4,1
DA:6,2
DA:7,2
DA:11,1
DA:13,1
DA:20,3
DA:21,3
DA:22,3
DA:24,3
DA:25,1
DA:26,1
DA:29,2
DA:30,2
DA:44,1
DA:46,1
DA:53,2
DA:54,2
DA:55,2
DA:69,1
DA:71,1
DA:78,2
DA:79,2
DA:83,1
DA:85,1
DA:92,2
DA:93,2
DA:94,2
DA:95,2
DA:106,1
DA:108,1
DA:115,2
DA:116,2
DA:117,1
DA:119,1
LF:35
LH:35
BRDA:24,0,0,1
BRDA:24,0,1,2
BRDA:32,1,0,0
BRDA:32,1,1,2
BRDA:57,2,0,0
BRDA:57,2,1,2
BRDA:94,3,0,1
BRDA:94,3,1,1
BRF:8
BRH:6
end_of_record
TN:
SF:src\api\controllers\authController.ts
FN:20,(anonymous_1)
FN:25,(anonymous_2)
FN:62,(anonymous_3)
FN:80,(anonymous_4)
FN:165,(anonymous_5)
FN:200,(anonymous_6)
FN:261,(anonymous_7)
FN:301,(anonymous_8)
FN:312,(anonymous_9)
FN:318,(anonymous_10)
FN:330,(anonymous_11)
FN:362,(anonymous_12)
FN:385,(anonymous_13)
FNF:13
FNH:13
FNDA:1,(anonymous_1)
FNDA:3,(anonymous_2)
FNDA:2,(anonymous_3)
FNDA:8,(anonymous_4)
FNDA:3,(anonymous_5)
FNDA:3,(anonymous_6)
FNDA:3,(anonymous_7)
FNDA:3,(anonymous_8)
FNDA:2,(anonymous_9)
FNDA:5,(anonymous_10)
FNDA:6,(anonymous_11)
FNDA:2,(anonymous_12)
FNDA:3,(anonymous_13)
DA:2,1
DA:3,1
DA:4,1
DA:5,1
DA:6,1
DA:7,1
DA:8,1
DA:9,1
DA:10,1
DA:11,1
DA:12,1
DA:20,1
DA:21,1
DA:25,1
DA:26,3
DA:27,3
DA:28,3
DA:29,3
DA:30,1
DA:32,2
DA:33,2
DA:37,1
DA:40,1
DA:42,1
DA:48,1
DA:54,1
DA:55,1
DA:62,1
DA:63,2
DA:64,2
DA:65,2
DA:68,1
DA:72,1
DA:74,1
DA:75,1
DA:80,1
DA:81,8
DA:83,8
DA:84,8
DA:85,1
DA:87,7
DA:98,7
DA:100,7
DA:101,1
DA:103,6
DA:104,6
DA:108,6
DA:109,6
DA:112,6
DA:114,6
DA:115,6
DA:120,6
DA:121,1
DA:123,5
DA:124,1
DA:127,4
DA:128,1
DA:136,3
DA:142,3
DA:155,0
DA:156,0
DA:165,1
DA:166,3
DA:167,3
DA:168,3
DA:169,1
DA:172,2
DA:175,2
DA:182,2
DA:187,1
DA:192,1
DA:193,1
DA:200,1
DA:201,3
DA:202,3
DA:204,3
DA:209,2
DA:210,0
DA:216,2
DA:218,2
DA:219,1
DA:225,1
DA:226,1
DA:233,1
DA:239,1
DA:252,2
DA:253,2
DA:261,1
DA:262,3
DA:263,3
DA:264,3
DA:265,1
DA:267,2
DA:268,2
DA:273,2
DA:274,2
DA:275,2
DA:281,1
DA:291,1
DA:292,1
DA:294,1
DA:295,1
DA:296,1
DA:301,1
DA:302,3
DA:303,3
DA:305,2
DA:309,2
DA:312,1
DA:313,2
DA:314,2
DA:315,2
DA:318,1
DA:319,5
DA:320,5
DA:326,5
DA:327,5
DA:328,5
DA:330,5
DA:331,6
DA:332,6
DA:333,6
DA:334,6
DA:335,6
DA:338,5
DA:341,5
DA:345,2
DA:347,2
DA:351,2
DA:355,2
DA:357,1
DA:358,1
DA:362,1
DA:363,2
DA:364,2
DA:365,2
DA:366,2
DA:367,1
DA:372,1
DA:378,2
DA:380,0
DA:381,0
DA:385,1
DA:386,3
DA:387,3
DA:388,3
DA:391,2
DA:392,1
DA:396,1
DA:398,2
DA:399,2
DA:403,1
LF:152
LH:147
BRDA:29,0,0,1
BRDA:29,0,1,2
BRDA:84,1,0,1
BRDA:84,1,1,7
BRDA:100,2,0,1
BRDA:100,2,1,6
BRDA:120,3,0,1
BRDA:120,3,1,5
BRDA:120,4,0,6
BRDA:120,4,1,5
BRDA:123,5,0,1
BRDA:123,5,1,4
BRDA:127,6,0,1
BRDA:127,6,1,3
BRDA:150,7,0,3
BRDA:150,7,1,2
BRDA:168,8,0,1
BRDA:168,8,1,2
BRDA:209,9,0,0
BRDA:209,9,1,2
BRDA:209,10,0,2
BRDA:209,10,1,2
BRDA:218,11,0,1
BRDA:218,11,1,1
BRDA:225,12,0,1
BRDA:225,12,1,0
BRDA:247,13,0,1
BRDA:247,13,1,0
BRDA:264,14,0,1
BRDA:264,14,1,2
BRDA:264,15,0,3
BRDA:264,15,1,2
BRDA:295,16,0,1
BRDA:295,16,1,0
BRDA:303,17,0,1
BRDA:303,17,1,2
BRDA:314,18,0,1
BRDA:314,18,1,1
BRDA:341,19,0,2
BRDA:341,19,1,2
BRDA:342,20,0,5
BRDA:342,20,1,4
BRDA:366,21,0,1
BRDA:366,21,1,1
BRF:44
BRH:40
end_of_record
TN:
SF:src\api\controllers\chatController.ts
FN:5,(anonymous_1)
FN:49,(anonymous_2)
FN:72,(anonymous_3)
FN:91,(anonymous_4)
FNF:4
FNH:4
FNDA:4,(anonymous_1)
FNDA:2,(anonymous_2)
FNDA:2,(anonymous_3)
FNDA:4,(anonymous_4)
DA:2,1
DA:4,1
DA:6,4
DA:7,4
DA:8,4
DA:10,4
DA:11,2
DA:12,2
DA:15,2
DA:26,1
DA:27,0
DA:41,1
DA:43,1
DA:50,2
DA:51,2
DA:52,2
DA:54,2
DA:64,1
DA:66,1
DA:73,2
DA:74,2
DA:75,2
DA:83,1
DA:85,1
DA:92,4
DA:93,4
DA:94,4
DA:95,4
DA:97,4
DA:108,3
DA:109,2
DA:112,2
DA:115,1
DA:117,1
LF:34
LH:33
BRDA:10,0,0,2
BRDA:10,0,1,2
BRDA:26,1,0,0
BRDA:26,1,1,1
BRDA:94,2,0,1
BRDA:94,2,1,3
BRDA:108,3,0,2
BRDA:108,3,1,1
BRF:8
BRH:7
end_of_record
TN:
SF:src\api\controllers\fileController.ts
FN:8,(anonymous_1)
FNF:1
FNH:1
FNDA:4,(anonymous_1)
DA:2,1
DA:3,1
DA:4,1
DA:5,1
DA:6,1
DA:8,1
DA:12,4
DA:13,4
DA:14,1
DA:15,1
DA:18,3
DA:19,1
DA:20,1
DA:23,2
DA:24,2
DA:26,2
DA:27,2
DA:33,2
DA:34,2
DA:36,2
DA:42,1
DA:43,1
DA:54,1
DA:55,1
DA:58,1
DA:64,1
DA:65,1
DA:67,1
DA:68,1
LF:29
LH:29
BRDA:13,0,0,1
BRDA:13,0,1,3
BRDA:18,1,0,1
BRDA:18,1,1,2
BRDA:54,2,0,1
BRDA:54,2,1,0
BRDA:64,3,0,1
BRDA:64,3,1,0
BRDA:64,4,0,1
BRDA:64,4,1,1
BRF:10
BRH:8
end_of_record
TN:
SF:src\api\controllers\iaController.ts
FN:7,(anonymous_1)
FN:14,(anonymous_2)
FN:26,(anonymous_3)
FN:40,(anonymous_4)
FN:81,(anonymous_5)
FN:105,(anonymous_6)
FN:115,(anonymous_7)
FNF:7
FNH:7
FNDA:7,(anonymous_1)
FNDA:3,(anonymous_2)
FNDA:2,(anonymous_3)
FNDA:2,(anonymous_4)
FNDA:4,(anonymous_5)
FNDA:2,(anonymous_6)
FNDA:1,(anonymous_7)
DA:2,1
DA:3,1
DA:5,1
DA:7,1
DA:8,7
DA:11,7
DA:14,1
DA:15,3
DA:16,3
DA:17,3
DA:21,2
DA:22,1
DA:23,1
DA:26,2
DA:37,1
DA:39,1
DA:41,2
DA:49,2
DA:75,1
DA:77,1
DA:81,1
DA:82,4
DA:83,4
DA:84,4
DA:85,4
DA:89,4
DA:99,3
DA:101,1
DA:105,1
DA:106,2
DA:107,2
DA:108,1
DA:109,1
DA:111,1
DA:115,1
DA:116,1
DA:119,1
LF:37
LH:37
BRDA:21,0,0,1
BRDA:21,0,1,1
BRDA:28,1,0,2
BRDA:28,1,1,1
BRDA:29,2,0,1
BRDA:29,2,1,1
BRDA:29,3,0,2
BRDA:29,3,1,1
BRDA:31,4,0,1
BRDA:31,4,1,1
BRDA:32,5,0,1
BRDA:32,5,1,1
BRDA:32,6,0,2
BRDA:32,6,1,0
BRDA:34,7,0,1
BRDA:34,7,1,1
BRDA:34,8,0,2
BRDA:34,8,1,1
BRDA:42,9,0,2
BRDA:42,9,1,1
BRDA:43,10,0,1
BRDA:43,10,1,1
BRDA:43,11,0,2
BRDA:43,11,1,1
BRDA:45,12,0,1
BRDA:45,12,1,1
BRDA:46,13,0,1
BRDA:46,13,1,1
BRDA:46,14,0,2
BRDA:46,14,1,0
BRDA:65,15,0,2
BRDA:65,15,1,1
BRDA:66,16,0,2
BRDA:66,16,1,1
BRDA:67,17,0,2
BRDA:67,17,1,1
BRDA:68,18,0,2
BRDA:68,18,1,0
BRDA:69,19,0,2
BRDA:69,19,1,0
BRDA:85,20,0,1
BRDA:85,20,1,3
BRF:42
BRH:38
end_of_record
TN:
SF:src\api\controllers\marketController.ts
FN:5,(anonymous_1)
FN:38,(anonymous_2)
FN:46,(anonymous_3)
FN:59,(anonymous_4)
FN:93,(anonymous_5)
FN:117,(anonymous_6)
FN:140,(anonymous_7)
FN:154,(anonymous_8)
FN:169,(anonymous_9)
FN:183,(anonymous_10)
FNF:10
FNH:10
FNDA:4,(anonymous_1)
FNDA:2,(anonymous_2)
FNDA:1,(anonymous_3)
FNDA:4,(anonymous_4)
FNDA:6,(anonymous_5)
FNDA:3,(anonymous_6)
FNDA:2,(anonymous_7)
FNDA:2,(anonymous_8)
FNDA:2,(anonymous_9)
FNDA:4,(anonymous_10)
DA:2,1
DA:4,1
DA:6,4
DA:7,4
DA:8,4
DA:10,4
DA:27,3
DA:32,1
DA:39,2
DA:40,2
DA:46,1
DA:51,1
DA:53,1
DA:60,4
DA:61,4
DA:64,4
DA:66,4
DA:78,3
DA:79,1
DA:82,1
DA:85,2
DA:87,1
DA:94,6
DA:95,6
DA:98,6
DA:100,6
DA:102,6
DA:104,5
DA:105,1
DA:106,1
DA:109,4
DA:111,1
DA:118,3
DA:119,3
DA:122,3
DA:124,3
DA:129,2
DA:134,1
DA:141,2
DA:142,2
DA:145,1
DA:147,1
DA:155,2
DA:156,2
DA:160,1
DA:162,1
DA:170,2
DA:171,2
DA:174,1
DA:177,1
DA:179,1
DA:184,4
DA:185,4
DA:188,4
DA:190,3
DA:191,1
DA:192,1
DA:194,2
DA:196,1
LF:59
LH:59
BRDA:18,0,0,1
BRDA:18,0,1,3
BRDA:18,1,0,4
BRDA:18,1,1,2
BRDA:61,2,0,1
BRDA:61,2,1,3
BRDA:78,3,0,1
BRDA:78,3,1,2
BRDA:95,4,0,1
BRDA:95,4,1,5
BRDA:98,5,0,6
BRDA:98,5,1,5
BRDA:100,6,0,2
BRDA:100,6,1,4
BRDA:104,7,0,1
BRDA:104,7,1,4
BRDA:119,8,0,1
BRDA:119,8,1,2
BRDA:185,9,0,1
BRDA:185,9,1,3
BRDA:190,10,0,1
BRDA:190,10,1,2
BRF:22
BRH:22
end_of_record
TN:
SF:src\api\controllers\notificationController.ts
FN:4,(anonymous_1)
FN:28,(anonymous_2)
FNF:2
FNH:2
FNDA:3,(anonymous_1)
FNDA:2,(anonymous_2)
DA:2,1
DA:4,1
DA:8,3
DA:9,3
DA:10,1
DA:11,1
DA:14,2
DA:19,1
DA:21,1
DA:28,1
DA:32,2
DA:33,2
DA:34,0
DA:35,0
DA:38,2
DA:48,1
DA:50,1
DA:57,1
LF:18
LH:16
BRDA:9,0,0,1
BRDA:9,0,1,2
BRDA:33,1,0,0
BRDA:33,1,1,2
BRF:4
BRH:3
end_of_record
TN:
SF:src\api\controllers\orderController.ts
FN:8,(anonymous_1)
FN:14,(anonymous_2)
FN:45,(anonymous_3)
FN:57,(anonymous_4)
FN:71,(anonymous_5)
FN:108,(anonymous_6)
FN:111,(anonymous_7)
FN:131,(anonymous_8)
FN:151,(anonymous_9)
FN:171,(anonymous_10)
FN:184,(anonymous_11)
FN:189,(anonymous_12)
FN:196,(anonymous_13)
FNF:13
FNH:13
FNDA:12,(anonymous_1)
FNDA:3,(anonymous_2)
FNDA:3,(anonymous_3)
FNDA:4,(anonymous_4)
FNDA:3,(anonymous_5)
FNDA:3,(anonymous_6)
FNDA:2,(anonymous_7)
FNDA:1,(anonymous_8)
FNDA:3,(anonymous_9)
FNDA:2,(anonymous_10)
FNDA:1,(anonymous_11)
FNDA:2,(anonymous_12)
FNDA:1,(anonymous_13)
DA:2,1
DA:3,1
DA:4,1
DA:6,1
DA:8,1
DA:9,12
DA:10,12
DA:13,1
DA:15,3
DA:16,3
DA:17,3
DA:19,3
DA:22,2
DA:37,2
DA:39,1
DA:46,3
DA:47,3
DA:51,2
DA:53,1
DA:58,4
DA:59,4
DA:60,4
DA:61,4
DA:66,4
DA:67,1
DA:68,1
DA:71,3
DA:72,3
DA:73,3
DA:78,3
DA:90,2
DA:91,2
DA:96,2
DA:102,1
DA:109,3
DA:110,3
DA:111,3
DA:112,2
DA:113,2
DA:120,2
DA:121,1
DA:125,1
DA:128,1
DA:129,1
DA:131,1
DA:145,1
DA:147,2
DA:152,3
DA:153,3
DA:155,3
DA:156,1
DA:157,1
DA:160,2
DA:161,2
DA:165,1
DA:167,1
DA:172,2
DA:173,2
DA:174,2
DA:178,1
DA:180,1
DA:185,1
DA:186,1
DA:190,2
DA:193,2
DA:197,1
DA:198,1
DA:199,1
DA:204,1
LF:69
LH:69
BRDA:10,0,0,1
BRDA:10,0,1,11
BRDA:10,1,0,11
BRDA:10,1,1,1
BRDA:24,2,0,2
BRDA:24,2,1,1
BRDA:51,3,0,2
BRDA:51,3,1,1
BRDA:66,4,0,1
BRDA:66,4,1,3
BRDA:66,5,0,4
BRDA:66,5,1,3
BRDA:82,6,0,3
BRDA:82,6,1,2
BRDA:120,7,0,1
BRDA:120,7,1,1
BRDA:153,8,0,1
BRDA:153,8,1,2
BRDA:155,9,0,1
BRDA:155,9,1,2
BRDA:204,10,0,1
BRDA:204,10,1,1
BRF:22
BRH:22
end_of_record
TN:
SF:src\api\controllers\productController.ts
FN:4,(anonymous_1)
FN:8,(anonymous_2)
FN:21,(anonymous_3)
FN:33,(anonymous_4)
FN:55,(anonymous_5)
FN:73,(anonymous_6)
FN:87,(anonymous_7)
FN:118,(anonymous_8)
FNF:8
FNH:8
FNDA:15,(anonymous_1)
FNDA:2,(anonymous_2)
FNDA:2,(anonymous_3)
FNDA:3,(anonymous_4)
FNDA:2,(anonymous_5)
FNDA:3,(anonymous_6)
FNDA:4,(anonymous_7)
FNDA:4,(anonymous_8)
DA:2,1
DA:4,1
DA:5,15
DA:7,1
DA:9,2
DA:10,2
DA:13,1
DA:15,1
DA:22,2
DA:23,2
DA:24,2
DA:27,1
DA:29,1
DA:34,3
DA:36,3
DA:37,3
DA:47,2
DA:51,1
DA:56,2
DA:57,2
DA:58,2
DA:67,1
DA:69,1
DA:74,3
DA:75,3
DA:76,3
DA:77,2
DA:78,1
DA:79,1
DA:81,1
DA:83,1
DA:88,4
DA:89,4
DA:90,4
DA:92,4
DA:93,1
DA:94,1
DA:99,3
DA:103,3
DA:104,1
DA:105,1
DA:108,2
DA:112,1
DA:114,1
DA:119,4
DA:120,4
DA:121,4
DA:123,4
DA:124,1
DA:125,1
DA:129,3
DA:133,3
DA:134,1
DA:135,1
DA:138,2
DA:139,1
DA:141,1
LF:57
LH:57
BRDA:5,0,0,0
BRDA:5,0,1,15
BRDA:5,1,0,15
BRDA:5,1,1,0
BRDA:36,2,0,2
BRDA:36,2,1,1
BRDA:42,3,0,3
BRDA:42,3,1,2
BRDA:77,4,0,1
BRDA:77,4,1,1
BRDA:92,5,0,1
BRDA:92,5,1,3
BRDA:99,6,0,3
BRDA:99,6,1,1
BRDA:99,6,2,0
BRDA:99,6,3,1
BRDA:99,6,4,1
BRDA:103,7,0,1
BRDA:103,7,1,2
BRDA:123,8,0,1
BRDA:123,8,1,3
BRDA:129,9,0,3
BRDA:129,9,1,3
BRDA:129,9,2,0
BRDA:129,9,3,3
BRDA:129,9,4,3
BRDA:133,10,0,1
BRDA:133,10,1,2
BRF:28
BRH:24
end_of_record
TN:
SF:src\api\controllers\userController.ts
FN:4,(anonymous_1)
FN:27,(anonymous_2)
FN:63,(anonymous_3)
FNF:3
FNH:3
FNDA:3,(anonymous_1)
FNDA:2,(anonymous_2)
FNDA:2,(anonymous_3)
DA:2,1
DA:4,1
DA:8,3
DA:9,3
DA:10,1
DA:11,1
DA:14,2
DA:19,1
DA:21,1
DA:27,1
DA:31,2
DA:32,2
DA:33,2
DA:35,2
DA:55,1
DA:57,1
DA:63,1
DA:67,2
DA:68,2
DA:69,2
DA:70,2
DA:77,1
DA:79,1
DA:80,1
DA:86,1
LF:25
LH:25
BRDA:9,0,0,1
BRDA:9,0,1,2
BRF:2
BRH:2
end_of_record
TN:
SF:src\lib\emailService.ts
FN:15,(anonymous_1)
FNF:1
FNH:1
FNDA:2,(anonymous_1)
DA:1,2
DA:3,2
DA:6,2
DA:7,1
DA:9,1
DA:15,2
DA:16,2
DA:17,1
DA:18,1
DA:20,1
LF:10
LH:10
BRDA:6,0,0,1
BRDA:6,0,1,1
BRDA:6,1,0,2
BRDA:6,1,1,1
BRDA:16,2,0,1
BRDA:16,2,1,1
BRDA:16,3,0,2
BRDA:16,3,1,1
BRF:8
BRH:8
end_of_record
